Log file open, 03/04/22 11:24:58
LogInit: Display: Running engine for game: Sweet Dream
LogPlatformFile: Not using cached read wrapper
LogTaskGraph: Started task graph with 5 named threads and 35 total threads with 3 sets of task threads.
LogStats: Stats thread started at 0.177809
LogD3D11RHI: Loaded GFSDK_Aftermath_Lib.x64.dll
LogICUInternationalization: ICU TimeZone Detection - Raw Offset: +1:00, Platform Override: ''
LogPluginManager: Mounting plugin Paper2D
LogPluginManager: Mounting plugin AISupport
LogPluginManager: Mounting plugin LightPropagationVolume
LogPluginManager: Mounting plugin CameraShakePreviewer
LogPluginManager: Mounting plugin ActorLayerUtilities
LogPluginManager: Mounting plugin AnimationSharing
LogPluginManager: Mounting plugin CLionSourceCodeAccess
LogPluginManager: Mounting plugin CodeLiteSourceCodeAccess
LogPluginManager: Mounting plugin GitSourceControl
LogPluginManager: Mounting plugin KDevelopSourceCodeAccess
LogPluginManager: Mounting plugin NullSourceCodeAccess
LogPluginManager: Mounting plugin PerforceSourceControl
LogPluginManager: Mounting plugin PlasticSourceControl
LogPluginManager: Mounting plugin RiderSourceCodeAccess
LogPluginManager: Mounting plugin SubversionSourceControl
LogPluginManager: Mounting plugin UObjectPlugin
LogPluginManager: Mounting plugin VisualStudioCodeSourceCodeAccess
LogPluginManager: Mounting plugin VisualStudioSourceCodeAccess
LogPluginManager: Mounting plugin XCodeSourceCodeAccess
LogPluginManager: Mounting plugin AssetManagerEditor
LogPluginManager: Mounting plugin CryptoKeys
LogPluginManager: Mounting plugin CurveEditorTools
LogPluginManager: Mounting plugin DataValidation
LogPluginManager: Mounting plugin EditorScriptingUtilities
LogPluginManager: Mounting plugin FacialAnimation
LogPluginManager: Mounting plugin GameplayTagsEditor
LogPluginManager: Mounting plugin GeometryMode
LogPluginManager: Mounting plugin MacGraphicsSwitching
LogPluginManager: Mounting plugin MaterialAnalyzer
LogPluginManager: Mounting plugin MobileLauncherProfileWizard
LogPluginManager: Mounting plugin PluginBrowser
LogPluginManager: Mounting plugin SpeedTreeImporter
LogPluginManager: Mounting plugin DatasmithContent
LogPluginManager: Mounting plugin VariantManagerContent
LogPluginManager: Mounting plugin AlembicImporter
LogPluginManager: Mounting plugin AutomationUtils
LogPluginManager: Mounting plugin BackChannel
LogPluginManager: Mounting plugin ChaosCloth
LogPluginManager: Mounting plugin ChaosClothEditor
LogPluginManager: Mounting plugin ChaosEditor
LogPluginManager: Mounting plugin ChaosNiagara
LogPluginManager: Mounting plugin ChaosSolverPlugin
LogPluginManager: Mounting plugin CharacterAI
LogPluginManager: Mounting plugin GeometryCache
LogPluginManager: Mounting plugin GeometryCollectionPlugin
LogPluginManager: Mounting plugin GeometryProcessing
LogPluginManager: Mounting plugin PlanarCut
LogPluginManager: Mounting plugin PlatformCrypto
LogPluginManager: Mounting plugin ProxyLODPlugin
LogPluginManager: Mounting plugin SkeletalReduction
LogPluginManager: Mounting plugin Niagara
LogPluginManager: Mounting plugin MagicLeap
LogPluginManager: Mounting plugin MagicLeapLightEstimation
LogPluginManager: Mounting plugin MagicLeapMedia
LogPluginManager: Mounting plugin MagicLeapPassableWorld
LogPluginManager: Mounting plugin MLSDK
LogPluginManager: Mounting plugin AndroidMedia
LogPluginManager: Mounting plugin AvfMedia
LogPluginManager: Mounting plugin ImgMedia
LogPluginManager: Mounting plugin MediaCompositing
LogPluginManager: Mounting plugin MediaPlayerEditor
LogPluginManager: Mounting plugin WebMMedia
LogPluginManager: Mounting plugin WmfMedia
LogPluginManager: Mounting plugin MeshPainting
LogPluginManager: Mounting plugin TcpMessaging
LogPluginManager: Mounting plugin UdpMessaging
LogPluginManager: Mounting plugin ActorSequence
LogPluginManager: Mounting plugin LevelSequenceEditor
LogPluginManager: Mounting plugin MatineeToLevelSequence
LogPluginManager: Mounting plugin MovieRenderPipeline
LogPluginManager: Mounting plugin TemplateSequence
LogPluginManager: Mounting plugin NetcodeUnitTest
LogPluginManager: Mounting plugin NUTUnrealEngine4
LogPluginManager: Mounting plugin OnlineSubsystemGooglePlay
LogPluginManager: Mounting plugin OnlineSubsystemIOS
LogPluginManager: Mounting plugin OnlineSubsystem
LogPluginManager: Mounting plugin OnlineSubsystemNull
LogPluginManager: Mounting plugin OnlineSubsystemUtils
LogPluginManager: Mounting plugin LauncherChunkInstaller
LogPluginManager: Mounting plugin AndroidDeviceProfileSelector
LogPluginManager: Mounting plugin AndroidMoviePlayer
LogPluginManager: Mounting plugin AndroidPermission
LogPluginManager: Mounting plugin AppleImageUtils
LogPluginManager: Mounting plugin AppleMoviePlayer
LogPluginManager: Mounting plugin ArchVisCharacter
LogPluginManager: Mounting plugin AssetTags
LogPluginManager: Mounting plugin AudioCapture
LogPluginManager: Mounting plugin CableComponent
LogPluginManager: Mounting plugin CustomMeshComponent
LogPluginManager: Mounting plugin EditableMesh
LogPluginManager: Mounting plugin ExampleDeviceProfileSelector
LogPluginManager: Mounting plugin GoogleCloudMessaging
LogPluginManager: Mounting plugin GooglePAD
LogPluginManager: Mounting plugin IOSDeviceProfileSelector
LogPluginManager: Mounting plugin LinuxDeviceProfileSelector
LogPluginManager: Mounting plugin LocationServicesBPLibrary
LogPluginManager: Mounting plugin MobilePatchingUtils
LogPluginManager: Mounting plugin OculusVR
LogPluginManager: Mounting plugin PhysXVehicles
LogPluginManager: Mounting plugin PostSplashScreen
LogPluginManager: Mounting plugin ProceduralMeshComponent
LogPluginManager: Mounting plugin RuntimePhysXCooking
LogPluginManager: Mounting plugin SignificanceManager
LogPluginManager: Mounting plugin SoundFields
LogPluginManager: Mounting plugin SteamVR
LogPluginManager: Mounting plugin Synthesis
LogPluginManager: Mounting plugin WebMMoviePlayer
LogPluginManager: Mounting plugin WindowsMoviePlayer
LogPluginManager: Mounting plugin ScreenshotTools
LogInit: Using libcurl 7.55.1-DEV
LogInit:  - built for x86_64-pc-win32
LogInit:  - supports SSL with OpenSSL/1.1.1
LogInit:  - supports HTTP deflate (compression) using libz 1.2.8
LogInit:  - other features:
LogInit:      CURL_VERSION_SSL
LogInit:      CURL_VERSION_LIBZ
LogInit:      CURL_VERSION_IPV6
LogInit:      CURL_VERSION_ASYNCHDNS
LogInit:      CURL_VERSION_LARGEFILE
LogInit:      CURL_VERSION_IDN
LogInit:  CurlRequestOptions (configurable via config and command line):
LogInit:  - bVerifyPeer = true  - Libcurl will verify peer certificate
LogInit:  - bUseHttpProxy = false  - Libcurl will NOT use HTTP proxy
LogInit:  - bDontReuseConnections = false  - Libcurl will reuse connections
LogInit:  - MaxHostConnections = 16  - Libcurl will limit the number of connections to a host
LogInit:  - LocalHostAddr = Default
LogInit:  - BufferSize = 65536
LogOnline: OSS: Creating online subsystem instance for: NULL
LogInit: WinSock: version 1.1 (2.2), MaxSocks=32767, MaxUdp=65467
LogOnline: OSS: TryLoadSubsystemAndSetDefault: Loaded subsystem for module [NULL]
LogInit: Build: ++UE4+Release-4.25-CL-14469661
LogInit: Engine Version: 4.25.4-14469661+++UE4+Release-4.25
LogInit: Compatible Engine Version: 4.25.0-13144385+++UE4+Release-4.25
LogInit: Net CL: 13144385
LogInit: OS: Windows 10 (Release 2009) (), CPU: Intel(R) Core(TM) i7-9750H CPU @ 2.60GHz, GPU: NVIDIA GeForce GTX 1660 Ti
LogInit: Compiled (64-bit): Oct 11 2020 08:10:49
LogInit: Compiled with Visual C++: 19.24.28315.00
LogInit: Build Configuration: Development
LogInit: Branch Name: ++UE4+Release-4.25
LogInit: Command Line: 
LogInit: Base Directory: C:/Program Files/Epic Games/UE_4.25/Engine/Binaries/Win64/
LogInit: Allocator: TBB
LogInit: Installed Engine Build: 1
LogDevObjectVersion: Number of dev versions registered: 26
LogDevObjectVersion:   Dev-Blueprints (B0D832E4-1F89-4F0D-ACCF-7EB736FD4AA2): 10
LogDevObjectVersion:   Dev-Build (E1C64328-A22C-4D53-A36C-8E866417BD8C): 0
LogDevObjectVersion:   Dev-Core (375EC13C-06E4-48FB-B500-84F0262A717E): 4
LogDevObjectVersion:   Dev-Editor (E4B068ED-F494-42E9-A231-DA0B2E46BB41): 38
LogDevObjectVersion:   Dev-Framework (CFFC743F-43B0-4480-9391-14DF171D2073): 37
LogDevObjectVersion:   Dev-Mobile (B02B49B5-BB20-44E9-A304-32B752E40360): 2
LogDevObjectVersion:   Dev-Networking (A4E4105C-59A1-49B5-A7C5-40C4547EDFEE): 0
LogDevObjectVersion:   Dev-Online (39C831C9-5AE6-47DC-9A44-9C173E1C8E7C): 0
LogDevObjectVersion:   Dev-Physics (78F01B33-EBEA-4F98-B9B4-84EACCB95AA2): 4
LogDevObjectVersion:   Dev-Platform (6631380F-2D4D-43E0-8009-CF276956A95A): 0
LogDevObjectVersion:   Dev-Rendering (12F88B9F-8875-4AFC-A67C-D90C383ABD29): 43
LogDevObjectVersion:   Dev-Sequencer (7B5AE74C-D270-4C10-A958-57980B212A5A): 12
LogDevObjectVersion:   Dev-VR (D7296918-1DD6-4BDD-9DE2-64A83CC13884): 3
LogDevObjectVersion:   Dev-LoadTimes (C2A15278-BFE7-4AFE-6C17-90FF531DF755): 1
LogDevObjectVersion:   Private-Geometry (6EACA3D4-40EC-4CC1-B786-8BED09428FC5): 3
LogDevObjectVersion:   Dev-AnimPhys (29E575DD-E0A3-4627-9D10-D276232CDCEA): 17
LogDevObjectVersion:   Dev-Anim (AF43A65D-7FD3-4947-9873-3E8ED9C1BB05): 7
LogDevObjectVersion:   Dev-ReflectionCapture (6B266CEC-1EC7-4B8F-A30B-E4D90942FC07): 1
LogDevObjectVersion:   Dev-Automation (0DF73D61-A23F-47EA-B727-89E90C41499A): 1
LogDevObjectVersion:   FortniteMain (601D1886-AC64-4F84-AA16-D3DE0DEAC7D6): 31
LogDevObjectVersion:   Dev-Enterprise (9DFFBCD6-494F-0158-E221-12823C92A888): 10
LogDevObjectVersion:   Dev-Niagara (F2AED0AC-9AFE-416F-8664-AA7FFA26D6FC): 1
LogDevObjectVersion:   Dev-Destruction (174F1F0B-B4C6-45A5-B13F-2EE8D0FB917D): 10
LogDevObjectVersion:   Dev-Physics-Ext (35F94A83-E258-406C-A318-09F59610247C): 37
LogDevObjectVersion:   Dev-PhysicsMaterial-Chaos (B68FC16E-8B1B-42E2-B453-215C058844FE): 1
LogDevObjectVersion:   Dev-CineCamera (B2E18506-4273-CFC2-A54E-F4BB758BBA07): 1
LogInit: Presizing for max 25165824 objects, including 0 objects not considered by GC, pre-allocating 0 bytes for permanent pool.
LogConfig: Applying CVar settings from Section [/Script/Engine.StreamingSettings] File [D:/Unreal_Engine_Project/Bigger_One_Myricae/Sweet Dream/Saved/Config/Windows/Engine.ini]
LogConfig: Setting CVar [[s.MinBulkDataSizeForAsyncLoading:131072]]
LogConfig: Setting CVar [[s.AsyncLoadingThreadEnabled:0]]
LogConfig: Setting CVar [[s.EventDrivenLoaderEnabled:1]]
LogConfig: Setting CVar [[s.WarnIfTimeLimitExceeded:0]]
LogConfig: Setting CVar [[s.TimeLimitExceededMultiplier:1.5]]
LogConfig: Setting CVar [[s.TimeLimitExceededMinTime:0.005]]
LogConfig: Setting CVar [[s.UseBackgroundLevelStreaming:1]]
LogConfig: Setting CVar [[s.PriorityAsyncLoadingExtraTime:15.0]]
LogConfig: Setting CVar [[s.LevelStreamingActorsUpdateTimeLimit:5.0]]
LogConfig: Setting CVar [[s.PriorityLevelStreamingActorsUpdateExtraTime:5.0]]
LogConfig: Setting CVar [[s.LevelStreamingComponentsRegistrationGranularity:10]]
LogConfig: Setting CVar [[s.UnregisterComponentsTimeLimit:1.0]]
LogConfig: Setting CVar [[s.LevelStreamingComponentsUnregistrationGranularity:5]]
LogConfig: Setting CVar [[s.FlushStreamingOnExit:1]]
LogInit: Object subsystem initialized
LogConfig: Setting CVar [[con.DebugEarlyDefault:1]]
LogConfig: Setting CVar [[r.setres:1280x720]]
[2022.03.04-10.24.59:014][  0]LogConfig: Setting CVar [[r.VSync:0]]
[2022.03.04-10.24.59:014][  0]LogConfig: Setting CVar [[r.RHICmdBypass:0]]
[2022.03.04-10.24.59:014][  0]LogConfig: Applying CVar settings from Section [/Script/Engine.RendererSettings] File [D:/Unreal_Engine_Project/Bigger_One_Myricae/Sweet Dream/Saved/Config/Windows/Engine.ini]
[2022.03.04-10.24.59:014][  0]LogConfig: Setting CVar [[r.GPUCrashDebugging:0]]
[2022.03.04-10.24.59:014][  0]LogConfig: Applying CVar settings from Section [/Script/Engine.RendererOverrideSettings] File [D:/Unreal_Engine_Project/Bigger_One_Myricae/Sweet Dream/Saved/Config/Windows/Engine.ini]
[2022.03.04-10.24.59:014][  0]LogConfig: Applying CVar settings from Section [/Script/Engine.StreamingSettings] File [D:/Unreal_Engine_Project/Bigger_One_Myricae/Sweet Dream/Saved/Config/Windows/Engine.ini]
[2022.03.04-10.24.59:014][  0]LogConfig: Setting CVar [[s.MinBulkDataSizeForAsyncLoading:131072]]
[2022.03.04-10.24.59:014][  0]LogConfig: Setting CVar [[s.AsyncLoadingThreadEnabled:0]]
[2022.03.04-10.24.59:014][  0]LogConfig: Setting CVar [[s.EventDrivenLoaderEnabled:1]]
[2022.03.04-10.24.59:014][  0]LogConfig: Setting CVar [[s.WarnIfTimeLimitExceeded:0]]
[2022.03.04-10.24.59:014][  0]LogConfig: Setting CVar [[s.TimeLimitExceededMultiplier:1.5]]
[2022.03.04-10.24.59:014][  0]LogConfig: Setting CVar [[s.TimeLimitExceededMinTime:0.005]]
[2022.03.04-10.24.59:014][  0]LogConfig: Setting CVar [[s.UseBackgroundLevelStreaming:1]]
[2022.03.04-10.24.59:014][  0]LogConfig: Setting CVar [[s.PriorityAsyncLoadingExtraTime:15.0]]
[2022.03.04-10.24.59:014][  0]LogConfig: Setting CVar [[s.LevelStreamingActorsUpdateTimeLimit:5.0]]
[2022.03.04-10.24.59:014][  0]LogConfig: Setting CVar [[s.PriorityLevelStreamingActorsUpdateExtraTime:5.0]]
[2022.03.04-10.24.59:014][  0]LogConfig: Setting CVar [[s.LevelStreamingComponentsRegistrationGranularity:10]]
[2022.03.04-10.24.59:014][  0]LogConfig: Setting CVar [[s.UnregisterComponentsTimeLimit:1.0]]
[2022.03.04-10.24.59:014][  0]LogConfig: Setting CVar [[s.LevelStreamingComponentsUnregistrationGranularity:5]]
[2022.03.04-10.24.59:014][  0]LogConfig: Setting CVar [[s.FlushStreamingOnExit:1]]
[2022.03.04-10.24.59:014][  0]LogConfig: Applying CVar settings from Section [/Script/Engine.GarbageCollectionSettings] File [D:/Unreal_Engine_Project/Bigger_One_Myricae/Sweet Dream/Saved/Config/Windows/Engine.ini]
[2022.03.04-10.24.59:014][  0]LogConfig: Setting CVar [[gc.MaxObjectsNotConsideredByGC:1]]
[2022.03.04-10.24.59:014][  0]LogConfig: Setting CVar [[gc.SizeOfPermanentObjectPool:0]]
[2022.03.04-10.24.59:014][  0]LogConfig: Setting CVar [[gc.FlushStreamingOnGC:0]]
[2022.03.04-10.24.59:014][  0]LogConfig: Setting CVar [[gc.NumRetriesBeforeForcingGC:10]]
[2022.03.04-10.24.59:014][  0]LogConfig: Setting CVar [[gc.AllowParallelGC:1]]
[2022.03.04-10.24.59:014][  0]LogConfig: Setting CVar [[gc.TimeBetweenPurgingPendingKillObjects:61.1]]
[2022.03.04-10.24.59:014][  0]LogConfig: Setting CVar [[gc.MaxObjectsInEditor:25165824]]
[2022.03.04-10.24.59:015][  0]LogConfig: Setting CVar [[gc.IncrementalBeginDestroyEnabled:1]]
[2022.03.04-10.24.59:015][  0]LogConfig: Setting CVar [[gc.CreateGCClusters:1]]
[2022.03.04-10.24.59:015][  0]LogConfig: Setting CVar [[gc.MinGCClusterSize:5]]
[2022.03.04-10.24.59:015][  0]LogConfig: Setting CVar [[gc.ActorClusteringEnabled:0]]
[2022.03.04-10.24.59:015][  0]LogConfig: Setting CVar [[gc.BlueprintClusteringEnabled:0]]
[2022.03.04-10.24.59:015][  0]LogConfig: Setting CVar [[gc.UseDisregardForGCOnDedicatedServers:0]]
[2022.03.04-10.24.59:015][  0]LogConfig: Applying CVar settings from Section [/Script/Engine.NetworkSettings] File [D:/Unreal_Engine_Project/Bigger_One_Myricae/Sweet Dream/Saved/Config/Windows/Engine.ini]
[2022.03.04-10.24.59:015][  0]LogConfig: Applying CVar settings from Section [/Script/UnrealEd.CookerSettings] File [D:/Unreal_Engine_Project/Bigger_One_Myricae/Sweet Dream/Saved/Config/Windows/Engine.ini]
[2022.03.04-10.24.59:015][  0]LogConfig: Setting CVar [[cook.displaymode:1]]
[2022.03.04-10.24.59:015][  0]LogConfig: Setting CVar [[cook.AllowCookedDataInEditorBuilds:0]]
[2022.03.04-10.24.59:016][  0]LogConfig: Applying CVar settings from Section [ViewDistanceQuality@3] File [D:/Unreal_Engine_Project/Bigger_One_Myricae/Sweet Dream/Saved/Config/Windows/Scalability.ini]
[2022.03.04-10.24.59:016][  0]LogConfig: Setting CVar [[r.SkeletalMeshLODBias:0]]
[2022.03.04-10.24.59:016][  0]LogConfig: Setting CVar [[r.ViewDistanceScale:1.0]]
[2022.03.04-10.24.59:016][  0]LogConfig: Applying CVar settings from Section [AntiAliasingQuality@3] File [D:/Unreal_Engine_Project/Bigger_One_Myricae/Sweet Dream/Saved/Config/Windows/Scalability.ini]
[2022.03.04-10.24.59:016][  0]LogConfig: Setting CVar [[r.PostProcessAAQuality:4]]
[2022.03.04-10.24.59:016][  0]LogConfig: Applying CVar settings from Section [ShadowQuality@3] File [D:/Unreal_Engine_Project/Bigger_One_Myricae/Sweet Dream/Saved/Config/Windows/Scalability.ini]
[2022.03.04-10.24.59:016][  0]LogConfig: Setting CVar [[r.LightFunctionQuality:1]]
[2022.03.04-10.24.59:016][  0]LogConfig: Setting CVar [[r.ShadowQuality:5]]
[2022.03.04-10.24.59:016][  0]LogConfig: Setting CVar [[r.Shadow.CSM.MaxCascades:10]]
[2022.03.04-10.24.59:017][  0]LogConfig: Setting CVar [[r.Shadow.MaxResolution:2048]]
[2022.03.04-10.24.59:017][  0]LogConfig: Setting CVar [[r.Shadow.MaxCSMResolution:2048]]
[2022.03.04-10.24.59:017][  0]LogConfig: Setting CVar [[r.Shadow.RadiusThreshold:0.01]]
[2022.03.04-10.24.59:017][  0]LogConfig: Setting CVar [[r.Shadow.DistanceScale:1.0]]
[2022.03.04-10.24.59:017][  0]LogConfig: Setting CVar [[r.Shadow.CSM.TransitionScale:1.0]]
[2022.03.04-10.24.59:017][  0]LogConfig: Setting CVar [[r.Shadow.PreShadowResolutionFactor:1.0]]
[2022.03.04-10.24.59:017][  0]LogConfig: Setting CVar [[r.DistanceFieldShadowing:1]]
[2022.03.04-10.24.59:017][  0]LogConfig: Setting CVar [[r.DistanceFieldAO:1]]
[2022.03.04-10.24.59:017][  0]LogConfig: Setting CVar [[r.AOQuality:2]]
[2022.03.04-10.24.59:017][  0]LogConfig: Setting CVar [[r.VolumetricFog:1]]
[2022.03.04-10.24.59:017][  0]LogConfig: Setting CVar [[r.VolumetricFog.GridPixelSize:8]]
[2022.03.04-10.24.59:017][  0]LogConfig: Setting CVar [[r.VolumetricFog.GridSizeZ:128]]
[2022.03.04-10.24.59:017][  0]LogConfig: Setting CVar [[r.VolumetricFog.HistoryMissSupersampleCount:4]]
[2022.03.04-10.24.59:017][  0]LogConfig: Setting CVar [[r.LightMaxDrawDistanceScale:1]]
[2022.03.04-10.24.59:017][  0]LogConfig: Setting CVar [[r.CapsuleShadows:1]]
[2022.03.04-10.24.59:017][  0]LogConfig: Applying CVar settings from Section [PostProcessQuality@3] File [D:/Unreal_Engine_Project/Bigger_One_Myricae/Sweet Dream/Saved/Config/Windows/Scalability.ini]
[2022.03.04-10.24.59:017][  0]LogConfig: Setting CVar [[r.MotionBlurQuality:4]]
[2022.03.04-10.24.59:017][  0]LogConfig: Setting CVar [[r.AmbientOcclusionMipLevelFactor:0.4]]
[2022.03.04-10.24.59:017][  0]LogConfig: Setting CVar [[r.AmbientOcclusionMaxQuality:100]]
[2022.03.04-10.24.59:017][  0]LogConfig: Setting CVar [[r.AmbientOcclusionLevels:-1]]
[2022.03.04-10.24.59:017][  0]LogConfig: Setting CVar [[r.AmbientOcclusionRadiusScale:1.0]]
[2022.03.04-10.24.59:017][  0]LogConfig: Setting CVar [[r.DepthOfFieldQuality:2]]
[2022.03.04-10.24.59:017][  0]LogConfig: Setting CVar [[r.RenderTargetPoolMin:400]]
[2022.03.04-10.24.59:017][  0]LogConfig: Setting CVar [[r.LensFlareQuality:2]]
[2022.03.04-10.24.59:017][  0]LogConfig: Setting CVar [[r.SceneColorFringeQuality:1]]
[2022.03.04-10.24.59:017][  0]LogConfig: Setting CVar [[r.EyeAdaptationQuality:2]]
[2022.03.04-10.24.59:017][  0]LogConfig: Setting CVar [[r.BloomQuality:5]]
[2022.03.04-10.24.59:017][  0]LogConfig: Setting CVar [[r.FastBlurThreshold:100]]
[2022.03.04-10.24.59:017][  0]LogConfig: Setting CVar [[r.Upscale.Quality:3]]
[2022.03.04-10.24.59:017][  0]LogConfig: Setting CVar [[r.Tonemapper.GrainQuantization:1]]
[2022.03.04-10.24.59:017][  0]LogConfig: Setting CVar [[r.LightShaftQuality:1]]
[2022.03.04-10.24.59:017][  0]LogConfig: Setting CVar [[r.Filter.SizeScale:1]]
[2022.03.04-10.24.59:017][  0]LogConfig: Setting CVar [[r.Tonemapper.Quality:5]]
[2022.03.04-10.24.59:017][  0]LogConfig: Setting CVar [[r.DOF.Gather.AccumulatorQuality:1        ; higher gathering accumulator quality]]
[2022.03.04-10.24.59:017][  0]LogConfig: Setting CVar [[r.DOF.Gather.PostfilterMethod:1          ; Median3x3 postfilering method]]
[2022.03.04-10.24.59:017][  0]LogConfig: Setting CVar [[r.DOF.Gather.EnableBokehSettings:0       ; no bokeh simulation when gathering]]
[2022.03.04-10.24.59:017][  0]LogConfig: Setting CVar [[r.DOF.Gather.RingCount:4                 ; medium number of samples when gathering]]
[2022.03.04-10.24.59:017][  0]LogConfig: Setting CVar [[r.DOF.Scatter.ForegroundCompositing:1    ; additive foreground scattering]]
[2022.03.04-10.24.59:017][  0]LogConfig: Setting CVar [[r.DOF.Scatter.BackgroundCompositing:2    ; additive background scattering]]
[2022.03.04-10.24.59:017][  0]LogConfig: Setting CVar [[r.DOF.Scatter.EnableBokehSettings:1      ; bokeh simulation when scattering]]
[2022.03.04-10.24.59:017][  0]LogConfig: Setting CVar [[r.DOF.Scatter.MaxSpriteRatio:0.1         ; only a maximum of 10% of scattered bokeh]]
[2022.03.04-10.24.59:017][  0]LogConfig: Setting CVar [[r.DOF.Recombine.Quality:1                ; cheap slight out of focus]]
[2022.03.04-10.24.59:017][  0]LogConfig: Setting CVar [[r.DOF.Recombine.EnableBokehSettings:0    ; no bokeh simulation on slight out of focus]]
[2022.03.04-10.24.59:017][  0]LogConfig: Setting CVar [[r.DOF.TemporalAAQuality:1                ; more stable temporal accumulation]]
[2022.03.04-10.24.59:017][  0]LogConfig: Setting CVar [[r.DOF.Kernel.MaxForegroundRadius:0.025]]
[2022.03.04-10.24.59:017][  0]LogConfig: Setting CVar [[r.DOF.Kernel.MaxBackgroundRadius:0.025]]
[2022.03.04-10.24.59:017][  0]LogConfig: Applying CVar settings from Section [TextureQuality@3] File [D:/Unreal_Engine_Project/Bigger_One_Myricae/Sweet Dream/Saved/Config/Windows/Scalability.ini]
[2022.03.04-10.24.59:017][  0]LogConfig: Setting CVar [[r.Streaming.MipBias:0]]
[2022.03.04-10.24.59:017][  0]LogConfig: Setting CVar [[r.Streaming.AmortizeCPUToGPUCopy:0]]
[2022.03.04-10.24.59:017][  0]LogConfig: Setting CVar [[r.Streaming.MaxNumTexturesToStreamPerFrame:0]]
[2022.03.04-10.24.59:017][  0]LogConfig: Setting CVar [[r.Streaming.Boost:1]]
[2022.03.04-10.24.59:017][  0]LogConfig: Setting CVar [[r.MaxAnisotropy:8]]
[2022.03.04-10.24.59:017][  0]LogConfig: Setting CVar [[r.VT.MaxAnisotropy:8]]
[2022.03.04-10.24.59:017][  0]LogConfig: Setting CVar [[r.Streaming.LimitPoolSizeToVRAM:0]]
[2022.03.04-10.24.59:017][  0]LogConfig: Setting CVar [[r.Streaming.PoolSize:1000]]
[2022.03.04-10.24.59:017][  0]LogConfig: Setting CVar [[r.Streaming.MaxEffectiveScreenSize:0]]
[2022.03.04-10.24.59:017][  0]LogConfig: Applying CVar settings from Section [EffectsQuality@3] File [D:/Unreal_Engine_Project/Bigger_One_Myricae/Sweet Dream/Saved/Config/Windows/Scalability.ini]
[2022.03.04-10.24.59:017][  0]LogConfig: Setting CVar [[r.TranslucencyLightingVolumeDim:64]]
[2022.03.04-10.24.59:017][  0]LogConfig: Setting CVar [[r.RefractionQuality:2]]
[2022.03.04-10.24.59:017][  0]LogConfig: Setting CVar [[r.SSR.Quality:3]]
[2022.03.04-10.24.59:017][  0]LogConfig: Setting CVar [[r.SSR.HalfResSceneColor:0]]
[2022.03.04-10.24.59:017][  0]LogConfig: Setting CVar [[r.SceneColorFormat:4]]
[2022.03.04-10.24.59:017][  0]LogConfig: Setting CVar [[r.DetailMode:2]]
[2022.03.04-10.24.59:017][  0]LogConfig: Setting CVar [[r.TranslucencyVolumeBlur:1]]
[2022.03.04-10.24.59:017][  0]LogConfig: Setting CVar [[r.MaterialQualityLevel:1 ; High quality]]
[2022.03.04-10.24.59:017][  0]LogConfig: Setting CVar [[r.SSS.Scale:1]]
[2022.03.04-10.24.59:017][  0]LogConfig: Setting CVar [[r.SSS.SampleSet:2]]
[2022.03.04-10.24.59:017][  0]LogConfig: Setting CVar [[r.SSS.Quality:1]]
[2022.03.04-10.24.59:017][  0]LogConfig: Setting CVar [[r.SSS.HalfRes:0]]
[2022.03.04-10.24.59:017][  0]LogConfig: Setting CVar [[r.SSGI.Quality:3]]
[2022.03.04-10.24.59:017][  0]LogConfig: Setting CVar [[r.EmitterSpawnRateScale:1.0]]
[2022.03.04-10.24.59:017][  0]LogConfig: Setting CVar [[r.ParticleLightQuality:2]]
[2022.03.04-10.24.59:017][  0]LogConfig: Setting CVar [[r.SkyAtmosphere.AerialPerspectiveLUT.FastApplyOnOpaque:1 ; Always have FastSkyLUT 1 in this case to avoid wrong sky]]
[2022.03.04-10.24.59:017][  0]LogConfig: Setting CVar [[r.SkyAtmosphere.AerialPerspectiveLUT.SampleCountPerSlice:1]]
[2022.03.04-10.24.59:017][  0]LogConfig: Setting CVar [[r.SkyAtmosphere.AerialPerspectiveLUT.DepthResolution:16.0]]
[2022.03.04-10.24.59:017][  0]LogConfig: Setting CVar [[r.SkyAtmosphere.FastSkyLUT:1]]
[2022.03.04-10.24.59:017][  0]LogConfig: Setting CVar [[r.SkyAtmosphere.FastSkyLUT.SampleCountMin:4.0]]
[2022.03.04-10.24.59:017][  0]LogConfig: Setting CVar [[r.SkyAtmosphere.FastSkyLUT.SampleCountMax:32.0]]
[2022.03.04-10.24.59:017][  0]LogConfig: Setting CVar [[r.SkyAtmosphere.SampleCountMin:4.0]]
[2022.03.04-10.24.59:017][  0]LogConfig: Setting CVar [[r.SkyAtmosphere.SampleCountMax:32.0]]
[2022.03.04-10.24.59:017][  0]LogConfig: Setting CVar [[r.SkyAtmosphere.TransmittanceLUT.UseSmallFormat:0]]
[2022.03.04-10.24.59:017][  0]LogConfig: Setting CVar [[r.SkyAtmosphere.TransmittanceLUT.SampleCount:10.0]]
[2022.03.04-10.24.59:017][  0]LogConfig: Setting CVar [[r.SkyAtmosphere.MultiScatteringLUT.SampleCount:15.0]]
[2022.03.04-10.24.59:017][  0]LogConfig: Applying CVar settings from Section [FoliageQuality@3] File [D:/Unreal_Engine_Project/Bigger_One_Myricae/Sweet Dream/Saved/Config/Windows/Scalability.ini]
[2022.03.04-10.24.59:017][  0]LogConfig: Setting CVar [[foliage.DensityScale:1.0]]
[2022.03.04-10.24.59:017][  0]LogConfig: Setting CVar [[grass.DensityScale:1.0]]
[2022.03.04-10.24.59:017][  0]LogConfig: Applying CVar settings from Section [ShadingQuality@3] File [D:/Unreal_Engine_Project/Bigger_One_Myricae/Sweet Dream/Saved/Config/Windows/Scalability.ini]
[2022.03.04-10.24.59:017][  0]LogConfig: Setting CVar [[r.HairStrands.SkyLighting.SampleCount:16]]
[2022.03.04-10.24.59:017][  0]LogConfig: Setting CVar [[r.HairStrands.SkyLighting.JitterIntegration:0]]
[2022.03.04-10.24.59:017][  0]LogConfig: Setting CVar [[r.HairStrands.SkyAO.SampleCount:16]]
[2022.03.04-10.24.59:017][  0]LogConfig: Setting CVar [[r.HairStrands.DeepShadow.SuperSampling:0]]
[2022.03.04-10.24.59:017][  0]LogConfig: Setting CVar [[r.HairStrands.VisibilityPPLL:0]]
[2022.03.04-10.24.59:017][  0]LogConfig: Setting CVar [[r.HairStrands.RasterizationScale:0.5]]
[2022.03.04-10.24.59:018][  0]LogConfig: Setting CVar [[r.HairStrands.VelocityRasterizationScale:1]]
[2022.03.04-10.24.59:018][  0]LogInit: Selected Device Profile: [Windows]
[2022.03.04-10.24.59:018][  0]LogInit: Applying CVar settings loaded from the selected device profile: [Windows]
[2022.03.04-10.24.59:018][  0]LogHAL: Display: Platform has ~ 16 GB [17051144192 / 17179869184 / 16], which maps to Larger [LargestMinGB=32, LargerMinGB=12, DefaultMinGB=8, SmallerMinGB=6, SmallestMinGB=0)
[2022.03.04-10.24.59:018][  0]LogInit: Going up to parent DeviceProfile []
[2022.03.04-10.24.59:018][  0]LogConfig: Applying CVar settings from Section [ViewDistanceQuality@3] File [D:/Unreal_Engine_Project/Bigger_One_Myricae/Sweet Dream/Saved/Config/Windows/Scalability.ini]
[2022.03.04-10.24.59:018][  0]LogConfig: Setting CVar [[r.SkeletalMeshLODBias:0]]
[2022.03.04-10.24.59:018][  0]LogConfig: Setting CVar [[r.ViewDistanceScale:1.0]]
[2022.03.04-10.24.59:018][  0]LogConfig: Applying CVar settings from Section [AntiAliasingQuality@3] File [D:/Unreal_Engine_Project/Bigger_One_Myricae/Sweet Dream/Saved/Config/Windows/Scalability.ini]
[2022.03.04-10.24.59:018][  0]LogConfig: Setting CVar [[r.PostProcessAAQuality:4]]
[2022.03.04-10.24.59:018][  0]LogConfig: Applying CVar settings from Section [ShadowQuality@3] File [D:/Unreal_Engine_Project/Bigger_One_Myricae/Sweet Dream/Saved/Config/Windows/Scalability.ini]
[2022.03.04-10.24.59:018][  0]LogConfig: Setting CVar [[r.LightFunctionQuality:1]]
[2022.03.04-10.24.59:018][  0]LogConfig: Setting CVar [[r.ShadowQuality:5]]
[2022.03.04-10.24.59:018][  0]LogConfig: Setting CVar [[r.Shadow.CSM.MaxCascades:10]]
[2022.03.04-10.24.59:018][  0]LogConfig: Setting CVar [[r.Shadow.MaxResolution:2048]]
[2022.03.04-10.24.59:018][  0]LogConfig: Setting CVar [[r.Shadow.MaxCSMResolution:2048]]
[2022.03.04-10.24.59:018][  0]LogConfig: Setting CVar [[r.Shadow.RadiusThreshold:0.01]]
[2022.03.04-10.24.59:018][  0]LogConfig: Setting CVar [[r.Shadow.DistanceScale:1.0]]
[2022.03.04-10.24.59:018][  0]LogConfig: Setting CVar [[r.Shadow.CSM.TransitionScale:1.0]]
[2022.03.04-10.24.59:018][  0]LogConfig: Setting CVar [[r.Shadow.PreShadowResolutionFactor:1.0]]
[2022.03.04-10.24.59:018][  0]LogConfig: Setting CVar [[r.DistanceFieldShadowing:1]]
[2022.03.04-10.24.59:018][  0]LogConfig: Setting CVar [[r.DistanceFieldAO:1]]
[2022.03.04-10.24.59:018][  0]LogConfig: Setting CVar [[r.AOQuality:2]]
[2022.03.04-10.24.59:018][  0]LogConfig: Setting CVar [[r.VolumetricFog:1]]
[2022.03.04-10.24.59:018][  0]LogConfig: Setting CVar [[r.VolumetricFog.GridPixelSize:8]]
[2022.03.04-10.24.59:018][  0]LogConfig: Setting CVar [[r.VolumetricFog.GridSizeZ:128]]
[2022.03.04-10.24.59:018][  0]LogConfig: Setting CVar [[r.VolumetricFog.HistoryMissSupersampleCount:4]]
[2022.03.04-10.24.59:018][  0]LogConfig: Setting CVar [[r.LightMaxDrawDistanceScale:1]]
[2022.03.04-10.24.59:018][  0]LogConfig: Setting CVar [[r.CapsuleShadows:1]]
[2022.03.04-10.24.59:018][  0]LogConfig: Applying CVar settings from Section [PostProcessQuality@3] File [D:/Unreal_Engine_Project/Bigger_One_Myricae/Sweet Dream/Saved/Config/Windows/Scalability.ini]
[2022.03.04-10.24.59:018][  0]LogConfig: Setting CVar [[r.MotionBlurQuality:4]]
[2022.03.04-10.24.59:018][  0]LogConfig: Setting CVar [[r.AmbientOcclusionMipLevelFactor:0.4]]
[2022.03.04-10.24.59:018][  0]LogConfig: Setting CVar [[r.AmbientOcclusionMaxQuality:100]]
[2022.03.04-10.24.59:018][  0]LogConfig: Setting CVar [[r.AmbientOcclusionLevels:-1]]
[2022.03.04-10.24.59:018][  0]LogConfig: Setting CVar [[r.AmbientOcclusionRadiusScale:1.0]]
[2022.03.04-10.24.59:018][  0]LogConfig: Setting CVar [[r.DepthOfFieldQuality:2]]
[2022.03.04-10.24.59:018][  0]LogConfig: Setting CVar [[r.RenderTargetPoolMin:400]]
[2022.03.04-10.24.59:018][  0]LogConfig: Setting CVar [[r.LensFlareQuality:2]]
[2022.03.04-10.24.59:018][  0]LogConfig: Setting CVar [[r.SceneColorFringeQuality:1]]
[2022.03.04-10.24.59:018][  0]LogConfig: Setting CVar [[r.EyeAdaptationQuality:2]]
[2022.03.04-10.24.59:018][  0]LogConfig: Setting CVar [[r.BloomQuality:5]]
[2022.03.04-10.24.59:018][  0]LogConfig: Setting CVar [[r.FastBlurThreshold:100]]
[2022.03.04-10.24.59:018][  0]LogConfig: Setting CVar [[r.Upscale.Quality:3]]
[2022.03.04-10.24.59:018][  0]LogConfig: Setting CVar [[r.Tonemapper.GrainQuantization:1]]
[2022.03.04-10.24.59:018][  0]LogConfig: Setting CVar [[r.LightShaftQuality:1]]
[2022.03.04-10.24.59:018][  0]LogConfig: Setting CVar [[r.Filter.SizeScale:1]]
[2022.03.04-10.24.59:018][  0]LogConfig: Setting CVar [[r.Tonemapper.Quality:5]]
[2022.03.04-10.24.59:018][  0]LogConfig: Setting CVar [[r.DOF.Gather.AccumulatorQuality:1        ; higher gathering accumulator quality]]
[2022.03.04-10.24.59:018][  0]LogConfig: Setting CVar [[r.DOF.Gather.PostfilterMethod:1          ; Median3x3 postfilering method]]
[2022.03.04-10.24.59:018][  0]LogConfig: Setting CVar [[r.DOF.Gather.EnableBokehSettings:0       ; no bokeh simulation when gathering]]
[2022.03.04-10.24.59:018][  0]LogConfig: Setting CVar [[r.DOF.Gather.RingCount:4                 ; medium number of samples when gathering]]
[2022.03.04-10.24.59:018][  0]LogConfig: Setting CVar [[r.DOF.Scatter.ForegroundCompositing:1    ; additive foreground scattering]]
[2022.03.04-10.24.59:018][  0]LogConfig: Setting CVar [[r.DOF.Scatter.BackgroundCompositing:2    ; additive background scattering]]
[2022.03.04-10.24.59:018][  0]LogConfig: Setting CVar [[r.DOF.Scatter.EnableBokehSettings:1      ; bokeh simulation when scattering]]
[2022.03.04-10.24.59:018][  0]LogConfig: Setting CVar [[r.DOF.Scatter.MaxSpriteRatio:0.1         ; only a maximum of 10% of scattered bokeh]]
[2022.03.04-10.24.59:018][  0]LogConfig: Setting CVar [[r.DOF.Recombine.Quality:1                ; cheap slight out of focus]]
[2022.03.04-10.24.59:018][  0]LogConfig: Setting CVar [[r.DOF.Recombine.EnableBokehSettings:0    ; no bokeh simulation on slight out of focus]]
[2022.03.04-10.24.59:018][  0]LogConfig: Setting CVar [[r.DOF.TemporalAAQuality:1                ; more stable temporal accumulation]]
[2022.03.04-10.24.59:018][  0]LogConfig: Setting CVar [[r.DOF.Kernel.MaxForegroundRadius:0.025]]
[2022.03.04-10.24.59:018][  0]LogConfig: Setting CVar [[r.DOF.Kernel.MaxBackgroundRadius:0.025]]
[2022.03.04-10.24.59:018][  0]LogConfig: Applying CVar settings from Section [TextureQuality@3] File [D:/Unreal_Engine_Project/Bigger_One_Myricae/Sweet Dream/Saved/Config/Windows/Scalability.ini]
[2022.03.04-10.24.59:018][  0]LogConfig: Setting CVar [[r.Streaming.MipBias:0]]
[2022.03.04-10.24.59:018][  0]LogConfig: Setting CVar [[r.Streaming.AmortizeCPUToGPUCopy:0]]
[2022.03.04-10.24.59:018][  0]LogConfig: Setting CVar [[r.Streaming.MaxNumTexturesToStreamPerFrame:0]]
[2022.03.04-10.24.59:018][  0]LogConfig: Setting CVar [[r.Streaming.Boost:1]]
[2022.03.04-10.24.59:018][  0]LogConfig: Setting CVar [[r.MaxAnisotropy:8]]
[2022.03.04-10.24.59:018][  0]LogConfig: Setting CVar [[r.VT.MaxAnisotropy:8]]
[2022.03.04-10.24.59:018][  0]LogConfig: Setting CVar [[r.Streaming.LimitPoolSizeToVRAM:0]]
[2022.03.04-10.24.59:018][  0]LogConfig: Setting CVar [[r.Streaming.PoolSize:1000]]
[2022.03.04-10.24.59:018][  0]LogConfig: Setting CVar [[r.Streaming.MaxEffectiveScreenSize:0]]
[2022.03.04-10.24.59:018][  0]LogConfig: Applying CVar settings from Section [EffectsQuality@3] File [D:/Unreal_Engine_Project/Bigger_One_Myricae/Sweet Dream/Saved/Config/Windows/Scalability.ini]
[2022.03.04-10.24.59:018][  0]LogConfig: Setting CVar [[r.TranslucencyLightingVolumeDim:64]]
[2022.03.04-10.24.59:018][  0]LogConfig: Setting CVar [[r.RefractionQuality:2]]
[2022.03.04-10.24.59:018][  0]LogConfig: Setting CVar [[r.SSR.Quality:3]]
[2022.03.04-10.24.59:018][  0]LogConfig: Setting CVar [[r.SSR.HalfResSceneColor:0]]
[2022.03.04-10.24.59:018][  0]LogConfig: Setting CVar [[r.SceneColorFormat:4]]
[2022.03.04-10.24.59:018][  0]LogConfig: Setting CVar [[r.DetailMode:2]]
[2022.03.04-10.24.59:018][  0]LogConfig: Setting CVar [[r.TranslucencyVolumeBlur:1]]
[2022.03.04-10.24.59:018][  0]LogConfig: Setting CVar [[r.MaterialQualityLevel:1 ; High quality]]
[2022.03.04-10.24.59:018][  0]LogConfig: Setting CVar [[r.SSS.Scale:1]]
[2022.03.04-10.24.59:018][  0]LogConfig: Setting CVar [[r.SSS.SampleSet:2]]
[2022.03.04-10.24.59:018][  0]LogConfig: Setting CVar [[r.SSS.Quality:1]]
[2022.03.04-10.24.59:018][  0]LogConfig: Setting CVar [[r.SSS.HalfRes:0]]
[2022.03.04-10.24.59:018][  0]LogConfig: Setting CVar [[r.SSGI.Quality:3]]
[2022.03.04-10.24.59:018][  0]LogConfig: Setting CVar [[r.EmitterSpawnRateScale:1.0]]
[2022.03.04-10.24.59:018][  0]LogConfig: Setting CVar [[r.ParticleLightQuality:2]]
[2022.03.04-10.24.59:018][  0]LogConfig: Setting CVar [[r.SkyAtmosphere.AerialPerspectiveLUT.FastApplyOnOpaque:1 ; Always have FastSkyLUT 1 in this case to avoid wrong sky]]
[2022.03.04-10.24.59:018][  0]LogConfig: Setting CVar [[r.SkyAtmosphere.AerialPerspectiveLUT.SampleCountPerSlice:1]]
[2022.03.04-10.24.59:019][  0]LogConfig: Setting CVar [[r.SkyAtmosphere.AerialPerspectiveLUT.DepthResolution:16.0]]
[2022.03.04-10.24.59:019][  0]LogConfig: Setting CVar [[r.SkyAtmosphere.FastSkyLUT:1]]
[2022.03.04-10.24.59:019][  0]LogConfig: Setting CVar [[r.SkyAtmosphere.FastSkyLUT.SampleCountMin:4.0]]
[2022.03.04-10.24.59:019][  0]LogConfig: Setting CVar [[r.SkyAtmosphere.FastSkyLUT.SampleCountMax:32.0]]
[2022.03.04-10.24.59:019][  0]LogConfig: Setting CVar [[r.SkyAtmosphere.SampleCountMin:4.0]]
[2022.03.04-10.24.59:019][  0]LogConfig: Setting CVar [[r.SkyAtmosphere.SampleCountMax:32.0]]
[2022.03.04-10.24.59:019][  0]LogConfig: Setting CVar [[r.SkyAtmosphere.TransmittanceLUT.UseSmallFormat:0]]
[2022.03.04-10.24.59:019][  0]LogConfig: Setting CVar [[r.SkyAtmosphere.TransmittanceLUT.SampleCount:10.0]]
[2022.03.04-10.24.59:019][  0]LogConfig: Setting CVar [[r.SkyAtmosphere.MultiScatteringLUT.SampleCount:15.0]]
[2022.03.04-10.24.59:019][  0]LogConfig: Applying CVar settings from Section [FoliageQuality@3] File [D:/Unreal_Engine_Project/Bigger_One_Myricae/Sweet Dream/Saved/Config/Windows/Scalability.ini]
[2022.03.04-10.24.59:019][  0]LogConfig: Setting CVar [[foliage.DensityScale:1.0]]
[2022.03.04-10.24.59:019][  0]LogConfig: Setting CVar [[grass.DensityScale:1.0]]
[2022.03.04-10.24.59:019][  0]LogConfig: Applying CVar settings from Section [ShadingQuality@3] File [D:/Unreal_Engine_Project/Bigger_One_Myricae/Sweet Dream/Saved/Config/Windows/Scalability.ini]
[2022.03.04-10.24.59:019][  0]LogConfig: Setting CVar [[r.HairStrands.SkyLighting.SampleCount:16]]
[2022.03.04-10.24.59:019][  0]LogConfig: Setting CVar [[r.HairStrands.SkyLighting.JitterIntegration:0]]
[2022.03.04-10.24.59:019][  0]LogConfig: Setting CVar [[r.HairStrands.SkyAO.SampleCount:16]]
[2022.03.04-10.24.59:019][  0]LogConfig: Setting CVar [[r.HairStrands.DeepShadow.SuperSampling:0]]
[2022.03.04-10.24.59:019][  0]LogConfig: Setting CVar [[r.HairStrands.VisibilityPPLL:0]]
[2022.03.04-10.24.59:019][  0]LogConfig: Setting CVar [[r.HairStrands.RasterizationScale:0.5]]
[2022.03.04-10.24.59:019][  0]LogConfig: Setting CVar [[r.HairStrands.VelocityRasterizationScale:1]]
[2022.03.04-10.24.59:019][  0]LogConfig: Applying CVar settings from Section [Startup] File [../../../Engine/Config/ConsoleVariables.ini]
[2022.03.04-10.24.59:019][  0]LogConfig: Setting CVar [[net.UseAdaptiveNetUpdateFrequency:0]]
[2022.03.04-10.24.59:019][  0]LogConfig: Setting CVar [[p.chaos.AllowCreatePhysxBodies:1]]
[2022.03.04-10.24.59:019][  0]LogConfig: Setting CVar [[fx.SkipVectorVMBackendOptimizations:1]]
[2022.03.04-10.24.59:019][  0]LogConfig: Applying CVar settings from Section [ConsoleVariables] File [D:/Unreal_Engine_Project/Bigger_One_Myricae/Sweet Dream/Saved/Config/Windows/Engine.ini]
[2022.03.04-10.24.59:019][  0]LogInit: Computer: DESKTOP-OBKTN66
[2022.03.04-10.24.59:019][  0]LogInit: User: Andre
[2022.03.04-10.24.59:019][  0]LogInit: CPU Page size=4096, Cores=6
[2022.03.04-10.24.59:019][  0]LogInit: High frequency timer resolution =10.000000 MHz
[2022.03.04-10.24.59:019][  0]LogMemory: Memory total: Physical=15.9GB (16GB approx)
[2022.03.04-10.24.59:019][  0]LogMemory: Platform Memory Stats for Windows
[2022.03.04-10.24.59:019][  0]LogMemory: Process Physical Memory: 115.45 MB used, 115.45 MB peak
[2022.03.04-10.24.59:019][  0]LogMemory: Process Virtual Memory: 97.12 MB used, 97.12 MB peak
[2022.03.04-10.24.59:019][  0]LogMemory: Physical Memory: 6740.36 MB used,  9520.88 MB free, 16261.24 MB total
[2022.03.04-10.24.59:019][  0]LogMemory: Virtual Memory: 5172.93 MB used,  134212552.00 MB free, 134217728.00 MB total
[2022.03.04-10.24.59:023][  0]LogWindows: WindowsPlatformFeatures enabled
[2022.03.04-10.24.59:051][  0]LogInit: Physics initialised using underlying interface: PhysX
[2022.03.04-10.24.59:054][  0]LogInit: Using OS detected language (en-US).
[2022.03.04-10.24.59:054][  0]LogInit: Using OS detected locale (en-US).
[2022.03.04-10.24.59:058][  0]LogTextLocalizationManager: No specific localization for 'en-US' exists, so the 'en' localization will be used.
[2022.03.04-10.24.59:205][  0]LogInit: Setting process to per monitor DPI aware
[2022.03.04-10.24.59:229][  0]LogSlate: New Slate User Created.  User Index 0, Is Virtual User: 0
[2022.03.04-10.24.59:229][  0]LogSlate: Slate User Registered.  User Index 0, Is Virtual User: 0
[2022.03.04-10.24.59:346][  0]LogHMD: Failed to initialize OpenVR with code 110
[2022.03.04-10.24.59:346][  0]LogD3D11RHI: D3D11 min allowed feature level: 11_0
[2022.03.04-10.24.59:346][  0]LogD3D11RHI: D3D11 max allowed feature level: 11_0
[2022.03.04-10.24.59:346][  0]LogD3D11RHI: D3D11 adapters:
[2022.03.04-10.24.59:445][  0]LogD3D11RHI:    0. 'NVIDIA GeForce GTX 1660 Ti' (Feature Level 11_0)
[2022.03.04-10.24.59:445][  0]LogD3D11RHI:       5991/0/8130 MB DedicatedVideo/DedicatedSystem/SharedSystem, Outputs:1, VendorId:0x10de
[2022.03.04-10.24.59:447][  0]LogD3D11RHI:    1. 'Microsoft Basic Render Driver' (Feature Level 11_0)
[2022.03.04-10.24.59:447][  0]LogD3D11RHI:       0/0/8130 MB DedicatedVideo/DedicatedSystem/SharedSystem, Outputs:0, VendorId:0x1414
[2022.03.04-10.24.59:447][  0]LogD3D11RHI: Chosen D3D11 Adapter: 0
[2022.03.04-10.24.59:452][  0]LogD3D11RHI: Creating new Direct3DDevice
[2022.03.04-10.24.59:452][  0]LogD3D11RHI:     GPU DeviceId: 0x2191 (for the marketing name, search the web for "GPU Device Id")
[2022.03.04-10.24.59:452][  0]LogWindows: EnumDisplayDevices:
[2022.03.04-10.24.59:452][  0]LogWindows:    0. 'NVIDIA GeForce GTX 1660 Ti' (P:1 D:1)
[2022.03.04-10.24.59:452][  0]LogWindows:    1. 'NVIDIA GeForce GTX 1660 Ti' (P:0 D:0)
[2022.03.04-10.24.59:452][  0]LogWindows:    2. 'NVIDIA GeForce GTX 1660 Ti' (P:0 D:0)
[2022.03.04-10.24.59:452][  0]LogWindows:    3. 'NVIDIA GeForce GTX 1660 Ti' (P:0 D:0)
[2022.03.04-10.24.59:453][  0]LogWindows: DebugString: FoundDriverCount:4 
[2022.03.04-10.24.59:453][  0]LogD3D11RHI:     Adapter Name: NVIDIA GeForce GTX 1660 Ti
[2022.03.04-10.24.59:453][  0]LogD3D11RHI:   Driver Version: 497.33 (internal:30.0.14.9733, unified:497.33)
[2022.03.04-10.24.59:453][  0]LogD3D11RHI:      Driver Date: 12-16-2021
[2022.03.04-10.24.59:453][  0]LogRHI: Texture pool is 4193 MB (70% of 5991 MB)
[2022.03.04-10.24.59:499][  0]LogD3D11RHI: RHI has support for 64 bit atomics
[2022.03.04-10.24.59:499][  0]LogD3D11RHI: Async texture creation enabled
[2022.03.04-10.24.59:499][  0]LogD3D11RHI: Array index from any shader is supported
[2022.03.04-10.24.59:521][  0]LogD3D11RHI: GPU Timing Frequency: 1000.000000 (Debug: 2 2)
[2022.03.04-10.24.59:804][  0]LogTargetPlatformManager: Display: Loaded TargetPlatform 'AllDesktop'
[2022.03.04-10.24.59:823][  0]LogTargetPlatformManager: Display: Loaded TargetPlatform 'Android'
[2022.03.04-10.24.59:823][  0]LogTargetPlatformManager: Display: Loaded TargetPlatform 'Android_ASTC'
[2022.03.04-10.24.59:823][  0]LogTargetPlatformManager: Display: Loaded TargetPlatform 'Android_DXT'
[2022.03.04-10.24.59:823][  0]LogTargetPlatformManager: Display: Loaded TargetPlatform 'Android_ETC2'
[2022.03.04-10.24.59:823][  0]LogTargetPlatformManager: Display: Loaded TargetPlatform 'AndroidClient'
[2022.03.04-10.24.59:823][  0]LogTargetPlatformManager: Display: Loaded TargetPlatform 'Android_ASTCClient'
[2022.03.04-10.24.59:823][  0]LogTargetPlatformManager: Display: Loaded TargetPlatform 'Android_DXTClient'
[2022.03.04-10.24.59:823][  0]LogTargetPlatformManager: Display: Loaded TargetPlatform 'Android_ETC2Client'
[2022.03.04-10.24.59:823][  0]LogTargetPlatformManager: Display: Loaded TargetPlatform 'Android_Multi'
[2022.03.04-10.24.59:823][  0]LogTargetPlatformManager: Display: Loaded TargetPlatform 'Android_MultiClient'
[2022.03.04-10.24.59:845][  0]LogTargetPlatformManager: Display: Loaded TargetPlatform 'IOSClient'
[2022.03.04-10.24.59:845][  0]LogTargetPlatformManager: Display: Loaded TargetPlatform 'IOS'
[2022.03.04-10.24.59:855][  0]LogTargetPlatformManager: Display: Loaded TargetPlatform 'Linux'
[2022.03.04-10.24.59:864][  0]LogTargetPlatformManager: Display: Loaded TargetPlatform 'LinuxNoEditor'
[2022.03.04-10.24.59:873][  0]LogTargetPlatformManager: Display: Loaded TargetPlatform 'LinuxClient'
[2022.03.04-10.24.59:882][  0]LogTargetPlatformManager: Display: Loaded TargetPlatform 'LinuxServer'
[2022.03.04-10.24.59:890][  0]LogTargetPlatformManager: Display: Loaded TargetPlatform 'LinuxAArch64NoEditor'
[2022.03.04-10.24.59:899][  0]LogTargetPlatformManager: Display: Loaded TargetPlatform 'LinuxAArch64Client'
[2022.03.04-10.24.59:908][  0]LogTargetPlatformManager: Display: Loaded TargetPlatform 'LinuxAArch64Server'
[2022.03.04-10.24.59:932][  0]LogTargetPlatformManager: Display: Loaded TargetPlatform 'Lumin'
[2022.03.04-10.24.59:932][  0]LogTargetPlatformManager: Display: Loaded TargetPlatform 'LuminClient'
[2022.03.04-10.24.59:947][  0]LogTargetPlatformManager: Display: Loaded TargetPlatform 'TVOSClient'
[2022.03.04-10.24.59:947][  0]LogTargetPlatformManager: Display: Loaded TargetPlatform 'TVOS'
[2022.03.04-10.24.59:957][  0]LogTargetPlatformManager: Display: Loaded TargetPlatform 'WindowsNoEditor'
[2022.03.04-10.24.59:966][  0]LogTargetPlatformManager: Display: Loaded TargetPlatform 'Windows'
[2022.03.04-10.24.59:974][  0]LogTargetPlatformManager: Display: Loaded TargetPlatform 'WindowsClient'
[2022.03.04-10.24.59:983][  0]LogTargetPlatformManager: Display: Loaded TargetPlatform 'WindowsServer'
[2022.03.04-10.24.59:983][  0]LogTargetPlatformManager: Display: Building Assets For Windows
[2022.03.04-10.24.59:991][  0]LogAudioDebug: Display: Lib vorbis DLL was dynamically loaded.
[2022.03.04-10.25.00:050][  0]LogShaderCompilers: Guid format shader working directory is -9 characters bigger than the processId version (D:/Unreal_Engine_Project/Bigger_One_Myricae/Sweet Dream/Intermediate/Shaders/WorkingDirectory/3152/).
[2022.03.04-10.25.00:050][  0]LogShaderCompilers: Cleaned the shader compiler working directory 'C:/Users/Andre/AppData/Local/Temp/UnrealShaderWorkingDir/B061615148B6AD74E85355840B3CBB9D/'.
[2022.03.04-10.25.00:050][  0]LogXGEController: Cleaning working directory: C:/Users/Andre/AppData/Local/Temp/UnrealXGEWorkingDir/
[2022.03.04-10.25.00:050][  0]LogXGEController: Cannot use XGE Controller as Incredibuild is not installed on this machine.
[2022.03.04-10.25.00:051][  0]LogShaderCompilers: Cannot use XGE Shader Compiler as Incredibuild is not installed on this machine.
[2022.03.04-10.25.00:051][  0]LogShaderCompilers: Display: Using Local Shader Compiler.
[2022.03.04-10.25.00:744][  0]LogDerivedDataCache: Display: Max Cache Size: 512 MB
[2022.03.04-10.25.00:786][  0]LogDerivedDataCache: Loaded boot cache 0.04s 75MB C:/Users/Andre/AppData/Local/UnrealEngine/4.25/DerivedDataCache/Boot.ddc.
[2022.03.04-10.25.00:786][  0]LogDerivedDataCache: Display: Loaded Boot cache: C:/Users/Andre/AppData/Local/UnrealEngine/4.25/DerivedDataCache/Boot.ddc
[2022.03.04-10.25.00:786][  0]LogDerivedDataCache: FDerivedDataBackendGraph:  Pak pak cache file D:/Unreal_Engine_Project/Bigger_One_Myricae/Sweet Dream/DerivedDataCache/DDC.ddp not found, will not use a pak cache.
[2022.03.04-10.25.00:786][  0]LogDerivedDataCache: Unable to find inner node Pak for hierarchical cache Hierarchy.
[2022.03.04-10.25.00:786][  0]LogDerivedDataCache: FDerivedDataBackendGraph:  CompressedPak pak cache file D:/Unreal_Engine_Project/Bigger_One_Myricae/Sweet Dream/DerivedDataCache/Compressed.ddp not found, will not use a pak cache.
[2022.03.04-10.25.00:786][  0]LogDerivedDataCache: Unable to find inner node CompressedPak for hierarchical cache Hierarchy.
[2022.03.04-10.25.00:795][  0]LogDerivedDataCache: Display: Pak cache opened for reading ../../../Engine/DerivedDataCache/Compressed.ddp.
[2022.03.04-10.25.00:795][  0]LogDerivedDataCache: FDerivedDataBackendGraph:  EnterprisePak pak cache file ../../../Enterprise/DerivedDataCache/Compressed.ddp not found, will not use a pak cache.
[2022.03.04-10.25.00:795][  0]LogDerivedDataCache: Unable to find inner node EnterprisePak for hierarchical cache Hierarchy.
[2022.03.04-10.25.00:796][  0]LogDerivedDataCache: Using Local data cache path C:/Users/Andre/AppData/Local/UnrealEngine/Common/DerivedDataCache: Writable
[2022.03.04-10.25.00:796][  0]LogDerivedDataCache: Shared data cache path not found in *engine.ini, will not use an Shared cache.
[2022.03.04-10.25.00:796][  0]LogDerivedDataCache: Unable to find inner node Shared for hierarchical cache Hierarchy.
[2022.03.04-10.25.00:843][  0]LogSlate: Using FreeType 2.10.0
[2022.03.04-10.25.00:843][  0]LogSlate: SlateFontServices - WITH_FREETYPE: 1, WITH_HARFBUZZ: 1
[2022.03.04-10.25.00:868][  0]LogAssetRegistry: FAssetRegistry took 0.0020 seconds to start up
[2022.03.04-10.25.01:065][  0]LogInit: Selected Device Profile: [Windows]
[2022.03.04-10.25.01:166][  0]LogMeshReduction: Using QuadricMeshReduction for automatic static mesh reduction
[2022.03.04-10.25.01:166][  0]LogMeshReduction: Using SimplygonMeshReduction for automatic skeletal mesh reduction
[2022.03.04-10.25.01:166][  0]LogMeshReduction: Using ProxyLODMeshReduction for automatic mesh merging
[2022.03.04-10.25.01:166][  0]LogMeshReduction: No distributed automatic mesh merging module available
[2022.03.04-10.25.01:166][  0]LogMeshMerging: No distributed automatic mesh merging module available
[2022.03.04-10.25.01:178][  0]LogNetVersion: Sweet Dream 1.0.0, NetCL: 13144385, EngineNetVer: 14, GameNetVer: 0 (Checksum: 1449968419)
[2022.03.04-10.25.01:566][  0]LogAISub: UAISubsystem::UAISubsystem AISubsystem (000001B7FD0FDBC0), frame # 0
[2022.03.04-10.25.01:566][  0]LogAISub: UAISubsystem::UAISubsystem AIPerceptionSystem (000001B7FD02FC40), frame # 0
[2022.03.04-10.25.01:567][  0]LogAISub: UAISubsystem::UAISubsystem EnvQueryManager (000001B7FD09DE00), frame # 0
[2022.03.04-10.25.01:598][  0]LogPackageLocalizationCache: Processed 19 localized package path(s) for 1 prioritized culture(s) in 0.025660 seconds
[2022.03.04-10.25.01:603][  0]LogUObjectArray: 15917 objects as part of root set at end of initial load.
[2022.03.04-10.25.01:603][  0]LogUObjectAllocator: 3965568 out of 0 bytes used by permanent object pool.
[2022.03.04-10.25.01:603][  0]LogUObjectArray: CloseDisregardForGC: 0/0 objects in disregard for GC pool
[2022.03.04-10.25.01:915][  0]LogTcpMessaging: Initializing TcpMessaging bridge
[2022.03.04-10.25.01:919][  0]LogUdpMessaging: Initializing bridge on interface 0.0.0.0:0 to multicast group 230.0.0.1:6666.
[2022.03.04-10.25.01:987][  0]SourceControl: Source control is disabled
[2022.03.04-10.25.01:988][  0]SourceControl: Source control is disabled
[2022.03.04-10.25.01:990][  0]SourceControl: Source control is disabled
[2022.03.04-10.25.01:993][  0]SourceControl: Source control is disabled
[2022.03.04-10.25.01:999][  0]SourceControl: Source control is disabled
[2022.03.04-10.25.02:218][  0]LogAndroidPermission: UAndroidPermissionCallbackProxy::GetInstance
[2022.03.04-10.25.02:235][  0]LogAudioCaptureCore: Display: No Audio Capture implementations found. Audio input will be silent.
[2022.03.04-10.25.02:235][  0]LogAudioCaptureCore: Display: No Audio Capture implementations found. Audio input will be silent.
[2022.03.04-10.25.02:278][  0]LogOcInput: OculusInput pre-init called
[2022.03.04-10.25.02:287][  0]LogWindows: Failed to load 'OVRPlugin.dll' (GetLastError=126)
[2022.03.04-10.25.02:287][  0]LogWindows: File 'OVRPlugin.dll' does not exist
[2022.03.04-10.25.02:339][  0]LogEngine: Initializing Engine...
[2022.03.04-10.25.02:340][  0]LogHMD: Failed to initialize OpenVR with code 110
[2022.03.04-10.25.02:340][  0]LogMagicLeap: Warning: VR disabled because ZI is not enabled.  To enable, in the editor, Edit -> Project Settings -> Plugins -> Magic Leap Plugin -> Enable Zero Iteration
[2022.03.04-10.25.02:341][  0]LogStats: UGameplayTagsManager::InitializeManager -  0.000 s
[2022.03.04-10.25.02:444][  0]LogInit: Initializing FReadOnlyCVARCache
[2022.03.04-10.25.02:452][  0]LogAIModule: Creating AISystem for world Untitled
[2022.03.04-10.25.02:452][  0]LogAISub: UAISubsystem::UAISubsystem EnvQueryManager (000001B780AF4600), frame # 0
[2022.03.04-10.25.02:452][  0]LogAISub: UAISubsystem::UAISubsystem AIPerceptionSystem (000001B780B11580), frame # 0
[2022.03.04-10.25.02:469][  0]LogAudioMixer: Display: Audio Mixer Platform Settings:
[2022.03.04-10.25.02:469][  0]LogAudioMixer: Display: 	Sample Rate:						  48000
[2022.03.04-10.25.02:469][  0]LogAudioMixer: Display: 	Callback Buffer Frame Size Requested: 1024
[2022.03.04-10.25.02:469][  0]LogAudioMixer: Display: 	Callback Buffer Frame Size To Use:	  1024
[2022.03.04-10.25.02:469][  0]LogAudioMixer: Display: 	Number of buffers to queue:			  2
[2022.03.04-10.25.02:469][  0]LogAudioMixer: Display: 	Max Channels (voices):				  32
[2022.03.04-10.25.02:469][  0]LogAudioMixer: Display: 	Number of Async Source Workers:		  0
[2022.03.04-10.25.02:469][  0]LogAudio: Display: AudioDevice MaxSources: 32
[2022.03.04-10.25.02:469][  0]LogAudio: Display: Using built-in audio occlusion.
[2022.03.04-10.25.02:469][  0]LogAudioMixer: Display: Initializing audio mixer.
[2022.03.04-10.25.02:481][  0]LogAudioMixer: Display: 0: FrontLeft
[2022.03.04-10.25.02:481][  0]LogAudioMixer: Display: 1: FrontRight
[2022.03.04-10.25.03:604][  0]LogAudioMixer: Display: Using Audio Device Speaker / Headphone (Realtek(R) Audio)
[2022.03.04-10.25.03:609][  0]LogAudioMixer: Display: Initializing Sound Submixes...
[2022.03.04-10.25.03:610][  0]LogAudioMixer: Display: Creating Master Submix 'MasterSubmixDefault'
[2022.03.04-10.25.03:611][  0]LogAudioMixer: Display: Creating Master Submix 'MasterReverbSubmixDefault'
[2022.03.04-10.25.03:611][  0]LogAudioMixer: Display: Creating Master Submix 'MasterEQSubmixDefault'
[2022.03.04-10.25.03:612][  0]LogInit: FAudioDevice initialized.
[2022.03.04-10.25.03:612][  0]LogNetVersion: Set ProjectVersion to 1.0.0.0. Version Checksum will be recalculated on next use.
[2022.03.04-10.25.03:658][  0]LogDerivedDataCache: Saved boot cache 0.05s 75MB C:/Users/Andre/AppData/Local/UnrealEngine/4.25/DerivedDataCache/Boot.ddc.
[2022.03.04-10.25.03:660][  0]LogInit: Texture streaming: Enabled
[2022.03.04-10.25.03:680][  0]LogEngineSessionManager: EngineSessionManager initialized
[2022.03.04-10.25.03:680][  0]LogEditorSessionSummary: Verbose: Initializing EditorSessionSummaryWriter for editor session tracking
[2022.03.04-10.25.03:681][  0]LogEditorSessionSummary: EditorSessionSummaryWriter initialized
[2022.03.04-10.25.03:713][  0]LogInit: Transaction tracking system initialized
[2022.03.04-10.25.03:734][  0]BlueprintLog: New page: Editor Load
[2022.03.04-10.25.03:800][  0]LocalizationService: Localization service is disabled
[2022.03.04-10.25.03:937][  0]LogCook: Display: Max memory allowance for cook 16384mb min free memory 0mb
[2022.03.04-10.25.03:937][  0]LogCook: Display: Mobile HDR setting 1
[2022.03.04-10.25.04:067][  0]LogFileCache: Scanning file cache for directory 'D:/Unreal_Engine_Project/Bigger_One_Myricae/Sweet Dream/Content/' took 0.01s
[2022.03.04-10.25.04:258][  0]SourceControl: Source control is disabled
[2022.03.04-10.25.04:258][  0]LogUnrealEdMisc: Loading editor; pre map load, took 6.870
[2022.03.04-10.25.04:258][  0]Cmd: MAP LOAD FILE="D:/Unreal_Engine_Project/Bigger_One_Myricae/Sweet Dream/Content/Gym/Gym_Map.umap" TEMPLATE=0 SHOWPROGRESS=1 FEATURELEVEL=3
[2022.03.04-10.25.04:258][  0]LightingResults: New page: Lighting Build
[2022.03.04-10.25.04:258][  0]LogWorld: UWorld::CleanupWorld for Untitled, bSessionEnded=true, bCleanupResources=true
[2022.03.04-10.25.04:258][  0]LogSlate: InvalidateAllWidgets triggered.  All widgets were invalidated
[2022.03.04-10.25.04:259][  0]MapCheck: New page: Map Check
[2022.03.04-10.25.04:259][  0]LightingResults: New page: Lighting Build
[2022.03.04-10.25.04:269][  0]LogAISub: UAISubsystem::~UAISubsystem EnvQueryManager (000001B780AF4600), frame # 0
[2022.03.04-10.25.04:269][  0]LogAISub: UAISubsystem::~UAISubsystem AIPerceptionSystem (000001B780B11580), frame # 0
[2022.03.04-10.25.04:270][  0]LogUObjectHash: Compacting FUObjectHashTables data took   0.62ms
[2022.03.04-10.25.05:224][  0]LogTexture: Display: Building textures: EXR_NP_Swirl_Tails_01 (RGBA16F, 675X81)
[2022.03.04-10.25.05:224][  0]LogTexture: Display: Building textures: T_LParticle_Thruster_Masks_01 (DXT1, 512X512)
[2022.03.04-10.25.05:224][  0]LogTexture: Display: Building textures: T_LMagic_Clouds_Masks_01 (DXT1, 512X512)
[2022.03.04-10.25.05:224][  0]LogTexture: Display: Building textures: T_4E_LightSpark_01 (DXT1, 1024X1024)
[2022.03.04-10.25.05:224][  0]LogTexture: Display: Building textures: T_Norm_21_N (BC5, 1024X1024)
[2022.03.04-10.25.05:224][  0]LogTexture: Display: Building textures: ThumbnailTexture (DXT1, 512X512)
[2022.03.04-10.25.05:224][  0]LogTexture: Display: Building textures: T_LMagic_UnitySmoke_01_8x8 (AutoDXT, 2048X2048)
[2022.03.04-10.25.05:224][  0]LogTexture: Display: Building textures: T_4E_UnitySmoke_01_8x8 (AutoDXT, 2048X2048)
[2022.03.04-10.25.05:224][  0]LogStaticMesh: Building static mesh SM_Bld_Stairs_1x3_01...
[2022.03.04-10.25.05:234][  0]LogTexture: Display: Building textures: tasti_-_Copia (BGRA8, 772X490)
[2022.03.04-10.25.05:234][  0]LogStaticMesh: Built static mesh [0.01s] /Game/PolygonPrototype/Meshes/Buildings/Simple/SM_Bld_Stairs_1x3_01.SM_Bld_Stairs_1x3_01
[2022.03.04-10.25.05:238][  0]LogStaticMesh: Building static mesh SM_Bld_Ramp_40_1x1_01...
[2022.03.04-10.25.05:239][  0]LogStaticMesh: Built static mesh [0.00s] /Game/PolygonPrototype/Meshes/Buildings/Simple/SM_Bld_Ramp_40_1x1_01.SM_Bld_Ramp_40_1x1_01
[2022.03.04-10.25.05:239][  0]LogStaticMesh: Building static mesh SM_Bld_Floor_5x5_01...
[2022.03.04-10.25.05:240][  0]LogStaticMesh: Built static mesh [0.00s] /Game/PolygonPrototype/Meshes/Buildings/Simple/SM_Bld_Floor_5x5_01.SM_Bld_Floor_5x5_01
[2022.03.04-10.25.05:241][  0]LogStaticMesh: Building static mesh SM_Bld_Block_1x1_01...
[2022.03.04-10.25.05:242][  0]LogStaticMesh: Built static mesh [0.00s] /Game/PolygonPrototype/Meshes/Buildings/Simple/SM_Bld_Block_1x1_01.SM_Bld_Block_1x1_01
[2022.03.04-10.25.05:243][  0]LogStaticMesh: Building static mesh SM_Prop_Target_Stand_01...
[2022.03.04-10.25.05:244][  0]LogStaticMesh: Built static mesh [0.00s] /Game/PolygonPrototype/Meshes/Props/SM_Prop_Target_Stand_01.SM_Prop_Target_Stand_01
[2022.03.04-10.25.05:244][  0]LogStaticMesh: Building static mesh SM_Prop_Target_03...
[2022.03.04-10.25.05:248][  0]LogStaticMesh: Built static mesh [0.00s] /Game/PolygonPrototype/Meshes/Props/SM_Prop_Target_03.SM_Prop_Target_03
[2022.03.04-10.25.05:250][  0]LogStaticMesh: Building static mesh SM_4E_RegularPlane_01...
[2022.03.04-10.25.05:250][  0]LogStaticMesh: Built static mesh [0.00s] /Game/Luos8Elements/StaticMeshes/Various/SM_4E_RegularPlane_01.SM_4E_RegularPlane_01
[2022.03.04-10.25.05:251][  0]LogStaticMesh: Building static mesh SM_4E_LightSphere_01...
[2022.03.04-10.25.05:260][  0]LogStaticMesh: Built static mesh [0.01s] /Game/Luos8Elements/StaticMeshes/Light/SM_4E_LightSphere_01.SM_4E_LightSphere_01
[2022.03.04-10.25.05:261][  0]LogStaticMesh: Building static mesh SM_4E_DarkTails_01...
[2022.03.04-10.25.05:273][  0]LogStaticMesh: Built static mesh [0.01s] /Game/Luos8Elements/StaticMeshes/Dark/SM_4E_DarkTails_01.SM_4E_DarkTails_01
[2022.03.04-10.25.05:276][  0]LogMaterial: Display: Missing cached shader map for material M_4E_TinyDot_01, compiling. 
[2022.03.04-10.25.05:337][  0]LogMaterial: Display: Missing cached shader map for material M_4E_TinyDot_01, compiling. 
[2022.03.04-10.25.05:361][  0]LogShaderCompilers: Display: Worker (1/9): shaders left to compile 34
[2022.03.04-10.25.05:361][  0]LogShaderCompilers: Display: Worker (2/9): shaders left to compile 30
[2022.03.04-10.25.05:361][  0]LogShaderCompilers: Display: Worker (3/9): shaders left to compile 26
[2022.03.04-10.25.05:361][  0]LogShaderCompilers: Display: Worker (4/9): shaders left to compile 22
[2022.03.04-10.25.05:361][  0]LogShaderCompilers: Display: Worker (5/9): shaders left to compile 18
[2022.03.04-10.25.05:361][  0]LogShaderCompilers: Display: Worker (6/9): shaders left to compile 14
[2022.03.04-10.25.05:361][  0]LogShaderCompilers: Display: Worker (7/9): shaders left to compile 10
[2022.03.04-10.25.05:361][  0]LogShaderCompilers: Display: Worker (8/9): shaders left to compile 6
[2022.03.04-10.25.05:361][  0]LogShaderCompilers: Display: Worker (9/9): shaders left to compile 2
[2022.03.04-10.25.05:361][  0]LogMaterial: Display: Missing cached shader map for material M_4E_Invissi_01, compiling. 
[2022.03.04-10.25.05:553][  0]LogTexture: Display: Building textures: Pattern_5 (AutoDXT, 2048X2048)
[2022.03.04-10.25.05:553][  0]LogTexture: Display: Building textures: pattern_normal_1 (BC5, 2048X2048)
[2022.03.04-10.25.05:553][  0]LogTexture: Display: Building textures: T_Fireball (AutoDXT, 512X512)
[2022.03.04-10.25.05:554][  0]LogMaterial: Display: Missing cached shader map for material M_4E_DarkStar_01, compiling. 
[2022.03.04-10.25.08:016][  0]LogTexture: Display: Building textures: T_PolygonPrototype_Grid_01 (AutoDXT, 1024X1024)
[2022.03.04-10.25.08:017][  0]LogTexture: Display: Building textures: T_PolygonPrototype_03 (AutoDXT, 2048X2048)
[2022.03.04-10.25.08:017][  0]LogTexture: Display: Building textures: T_PolygonPrototype_01 (AutoDXT, 2048X2048)
[2022.03.04-10.25.08:017][  0]LogTexture: Display: Building textures: metal_normal_less (BC5, 1140X1140)
[2022.03.04-10.25.08:017][  0]LogTexture: Display: Building textures: T_PolygonPrototype_02 (AutoDXT, 2048X2048)
[2022.03.04-10.25.08:017][  0]LogMaterial: Display: Missing cached shader map for material M_4E_DarkSmoke_01, compiling. 
[2022.03.04-10.25.08:073][  0]LogMaterial: Display: Missing cached shader map for material M_4E_DarkFlares_01, compiling. 
[2022.03.04-10.25.08:098][  0]LogMaterial: Display: Missing cached shader map for material M_4E_DarkCore_01, compiling. 
[2022.03.04-10.25.08:135][  0]LogMaterial: Display: Missing cached shader map for material M_MainTrail, compiling. 
[2022.03.04-10.25.08:155][  0]LogMaterial: Display: Missing cached shader map for material M_DashPath, compiling. 
[2022.03.04-10.25.08:208][  0]LogMaterial: Display: Missing cached shader map for material M_Body, compiling. 
[2022.03.04-10.25.08:270][  0]LogMaterial: Display: Missing cached shader map for material M_Body, compiling. 
[2022.03.04-10.25.08:330][  0]LogMaterial: Display: Missing cached shader map for material M_Inv, compiling. 
[2022.03.04-10.25.08:472][  0]LogSkeletalMesh: Building Skeletal Mesh SK_Mannequin...
[2022.03.04-10.25.08:653][  0]LogSkeletalMesh: Built Skeletal Mesh [0.18s] /Game/Mannequin/Character/Mesh/SK_Mannequin.SK_Mannequin
[2022.03.04-10.25.08:686][  0]LogMaterial: Display: Missing cached shader map for material M_DreamSolvent, compiling. 
[2022.03.04-10.25.08:746][  0]LogMaterial: Display: Missing cached shader map for material Steel, compiling. 
[2022.03.04-10.25.08:810][  0]LogMaterial: Display: Missing cached shader map for material Red, compiling. 
[2022.03.04-10.25.08:833][  0]LogMaterial: Display: Missing cached shader map for material Gold, compiling. 
[2022.03.04-10.25.08:857][  0]LogMaterial: Display: Missing cached shader map for material EmissiveGold, compiling. 
[2022.03.04-10.25.08:879][  0]LogMaterial: Display: Missing cached shader map for material Black, compiling. 
[2022.03.04-10.25.08:901][  0]LogStaticMesh: Building static mesh Ashbringer...
[2022.03.04-10.25.09:034][  0]LogStaticMesh: Built static mesh [0.13s] /Game/Ashbringers/Ashbringer.Ashbringer
[2022.03.04-10.25.09:047][  0]LogStaticMesh: Building static mesh ShieldFBX...
[2022.03.04-10.25.09:251][  0]LogShaderCompilers: Display: Worker (9/9): shaders left to compile 757
[2022.03.04-10.25.09:251][  0]LogStaticMesh: Built static mesh [0.20s] /Game/Shield/ShieldFBX.ShieldFBX
[2022.03.04-10.25.09:286][  0]LogStaticMesh: Building static mesh SM_Bld_Column_2x3_01P...
[2022.03.04-10.25.09:287][  0]LogStaticMesh: Built static mesh [0.00s] /Game/PolygonPrototype/Meshes/Buildings/Polygon/SM_Bld_Column_2x3_01P.SM_Bld_Column_2x3_01P
[2022.03.04-10.25.09:288][  0]LogStaticMesh: Building static mesh SM_Bld_Door_01P...
[2022.03.04-10.25.09:290][  0]LogStaticMesh: Built static mesh [0.00s] /Game/PolygonPrototype/Meshes/Buildings/Polygon/SM_Bld_Door_01P.SM_Bld_Door_01P
[2022.03.04-10.25.09:291][  0]LogStaticMesh: Building static mesh SM_Bld_Wall_5x3_01...
[2022.03.04-10.25.09:291][  0]LogStaticMesh: Built static mesh [0.00s] /Game/PolygonPrototype/Meshes/Buildings/Simple/SM_Bld_Wall_5x3_01.SM_Bld_Wall_5x3_01
[2022.03.04-10.25.09:292][  0]LogStaticMesh: Building static mesh SM_Bld_WallArch_2x3_01P...
[2022.03.04-10.25.09:295][  0]LogStaticMesh: Built static mesh [0.00s] /Game/PolygonPrototype/Meshes/Buildings/Polygon/SM_Bld_WallArch_2x3_01P.SM_Bld_WallArch_2x3_01P
[2022.03.04-10.25.09:296][  0]LogStaticMesh: Building static mesh SM_Bld_WallChamfered_5x5_01P...
[2022.03.04-10.25.09:298][  0]LogStaticMesh: Built static mesh [0.00s] /Game/PolygonPrototype/Meshes/Buildings/Polygon/SM_Bld_WallChamfered_5x5_01P.SM_Bld_WallChamfered_5x5_01P
[2022.03.04-10.25.09:300][  0]LogStaticMesh: Building static mesh SM_Bld_WallWindow_2x3_01P...
[2022.03.04-10.25.09:316][  0]LogStaticMesh: Built static mesh [0.02s] /Game/PolygonPrototype/Meshes/Buildings/Polygon/SM_Bld_WallWindow_2x3_01P.SM_Bld_WallWindow_2x3_01P
[2022.03.04-10.25.09:317][  0]LogStaticMesh: Building static mesh SM_Generic_Mountains_Soft_01...
[2022.03.04-10.25.09:322][  0]LogStaticMesh: Built static mesh [0.00s] /Game/PolygonPrototype/Meshes/Generic/SM_Generic_Mountains_Soft_01.SM_Generic_Mountains_Soft_01
[2022.03.04-10.25.09:324][  0]LogStaticMesh: Building static mesh SM_Generic_Tree_01...
[2022.03.04-10.25.09:333][  0]LogStaticMesh: Built static mesh [0.01s] /Game/PolygonPrototype/Meshes/Generic/SM_Generic_Tree_01.SM_Generic_Tree_01
[2022.03.04-10.25.09:335][  0]LogStaticMesh: Building static mesh SM_Generic_Tree_03...
[2022.03.04-10.25.09:339][  0]LogStaticMesh: Built static mesh [0.00s] /Game/PolygonPrototype/Meshes/Generic/SM_Generic_Tree_03.SM_Generic_Tree_03
[2022.03.04-10.25.09:342][  0]LogStaticMesh: Building static mesh SM_Generic_Tree_04...
[2022.03.04-10.25.09:347][  0]LogStaticMesh: Built static mesh [0.01s] /Game/PolygonPrototype/Meshes/Generic/SM_Generic_Tree_04.SM_Generic_Tree_04
[2022.03.04-10.25.09:349][  0]LogStaticMesh: Building static mesh SM_Generic_TreeDead_01...
[2022.03.04-10.25.09:354][  0]LogStaticMesh: Built static mesh [0.01s] /Game/PolygonPrototype/Meshes/Generic/SM_Generic_TreeDead_01.SM_Generic_TreeDead_01
[2022.03.04-10.25.09:356][  0]LogStaticMesh: Building static mesh SM_Generic_TreeStump_01...
[2022.03.04-10.25.09:360][  0]LogStaticMesh: Built static mesh [0.00s] /Game/PolygonPrototype/Meshes/Generic/SM_Generic_TreeStump_01.SM_Generic_TreeStump_01
[2022.03.04-10.25.09:362][  0]LogStaticMesh: Building static mesh SM_Icon_Skull_02...
[2022.03.04-10.25.09:365][  0]LogStaticMesh: Built static mesh [0.00s] /Game/PolygonPrototype/Meshes/Icons/SM_Icon_Skull_02.SM_Icon_Skull_02
[2022.03.04-10.25.09:367][  0]LogStaticMesh: Building static mesh SM_Prop_Crate_03...
[2022.03.04-10.25.09:374][  0]LogStaticMesh: Built static mesh [0.01s] /Game/PolygonPrototype/Meshes/Props/SM_Prop_Crate_03.SM_Prop_Crate_03
[2022.03.04-10.25.09:376][  0]LogStaticMesh: Building static mesh SM_Prop_Target_01...
[2022.03.04-10.25.09:382][  0]LogStaticMesh: Built static mesh [0.01s] /Game/PolygonPrototype/Meshes/Props/SM_Prop_Target_01.SM_Prop_Target_01
[2022.03.04-10.25.09:387][  0]LogMaterial: Display: Missing cached shader map for material Mat_PolygonPrototype_Gobal_Grid_01_Base, compiling. 
[2022.03.04-10.25.09:414][  0]LogMaterial: Display: Missing cached shader map for material Mat_PolygonPrototype_01, compiling. 
[2022.03.04-10.25.09:458][  0]LogMaterial: Display: Missing cached shader map for material EmissivePurple, compiling. 
[2022.03.04-10.25.09:515][  0]LogAIModule: Creating AISystem for world Gym_Map
[2022.03.04-10.25.09:515][  0]LogAISub: UAISubsystem::UAISubsystem EnvQueryManager (000001B79D535000), frame # 0
[2022.03.04-10.25.09:515][  0]LogAISub: UAISubsystem::UAISubsystem AIPerceptionSystem (000001B79D4F1300), frame # 0
[2022.03.04-10.25.09:577][  0]LogEditorServer: Finished looking for orphan Actors (0.000 secs)
[2022.03.04-10.25.09:612][  0]LogUObjectHash: Compacting FUObjectHashTables data took   2.04ms
[2022.03.04-10.25.09:614][  0]Cmd: MAP CHECKDEP NOCLEARLOG
[2022.03.04-10.25.09:615][  0]MapCheck: Map check complete: 0 Error(s), 0 Warning(s), took 0.135ms to complete.
[2022.03.04-10.25.09:615][  0]LogFileHelpers: Loading map 'Gym_Map' took 5.357
[2022.03.04-10.25.09:618][  0]LogUnrealEdMisc: Total Editor Startup Time, took 12.231
[2022.03.04-10.25.09:810][  0]LogShaderCompilers: Display: Worker (5/9): shaders left to compile 843
[2022.03.04-10.25.09:810][  0]LogSlate: Updating window title bar state: overlay mode, drag disabled, window buttons hidden, title bar hidden
[2022.03.04-10.25.09:824][  0]LogSlate: Updating window title bar state: overlay mode, drag disabled, window buttons hidden, title bar hidden
[2022.03.04-10.25.09:838][  0]LogSlate: Updating window title bar state: overlay mode, drag disabled, window buttons hidden, title bar hidden
[2022.03.04-10.25.09:851][  0]LogSlate: Updating window title bar state: overlay mode, drag disabled, window buttons hidden, title bar hidden
[2022.03.04-10.25.09:868][  0]LogCollectionManager: Loaded 0 collections in 0.001524 seconds
[2022.03.04-10.25.09:914][  0]LogShaderCompilers: Display: Worker (6/9): shaders left to compile 833
[2022.03.04-10.25.09:914][  0]LogFileCache: Scanning file cache for directory 'D:/Unreal_Engine_Project/Bigger_One_Myricae/Sweet Dream/Saved/Collections/' took 0.00s
[2022.03.04-10.25.09:914][  0]LogFileCache: Scanning file cache for directory 'D:/Unreal_Engine_Project/Bigger_One_Myricae/Sweet Dream/Content/Developers/Andre/Collections/' took 0.00s
[2022.03.04-10.25.09:914][  0]LogFileCache: Scanning file cache for directory 'D:/Unreal_Engine_Project/Bigger_One_Myricae/Sweet Dream/Content/Collections/' took 0.00s
[2022.03.04-10.25.09:914][  0]LogContentBrowser: Native class hierarchy populated in 0.0180 seconds. Added 3427 classes and 821 folders.
[2022.03.04-10.25.09:926][  0]LogContentBrowser: Native class hierarchy updated for 'WidgetCarousel' in 0.0005 seconds. Added 0 classes and 0 folders.
[2022.03.04-10.25.10:789][  0]LogShaderCompilers: Display: Worker (8/9): shaders left to compile 823
[2022.03.04-10.25.10:790][  0]LogShaderCompilers: Display: Worker (3/9): shaders left to compile 813
[2022.03.04-10.25.10:790][  0]LogShaderCompilers: Display: Worker (1/9): shaders left to compile 803
[2022.03.04-10.25.10:790][  0]LogShaderCompilers: Display: Worker (4/9): shaders left to compile 793
[2022.03.04-10.25.10:790][  0]LogShaderCompilers: Display: Worker (2/9): shaders left to compile 783
[2022.03.04-10.25.10:790][  0]LogShaderCompilers: Display: Worker (7/9): shaders left to compile 773
[2022.03.04-10.25.10:790][  0]LogContentBrowser: Native class hierarchy updated for 'AddContentDialog' in 0.0004 seconds. Added 0 classes and 0 folders.
[2022.03.04-10.25.10:795][  0]LogContentBrowser: Native class hierarchy updated for 'SceneOutliner' in 0.0004 seconds. Added 2 classes and 0 folders.
[2022.03.04-10.25.10:881][  0]LogSlate: Took 0.000417 seconds to synchronously load lazily loaded font '../../../Engine/Content/Slate/Fonts/Roboto-Regular.ttf' (155K)
[2022.03.04-10.25.10:884][  0]LogSlate: Took 0.000208 seconds to synchronously load lazily loaded font '../../../Engine/Content/Slate/Fonts/Roboto-Bold.ttf' (160K)
[2022.03.04-10.25.10:908][  0]LogSlate: Took 0.013389 seconds to synchronously load lazily loaded font '../../../Engine/Content/Editor/Slate/Fonts/FontAwesome.ttf' (139K)
[2022.03.04-10.25.11:029][  0]LogRenderer: Reallocating scene render targets to support 964x428 Format 10 NumSamples 1 (Frame:1).
[2022.03.04-10.25.11:738][  0]LogSlate: Window 'Tutorials' being destroyed
[2022.03.04-10.25.11:755][  0]LogContentBrowser: Native class hierarchy updated for 'HierarchicalLODOutliner' in 0.0005 seconds. Added 0 classes and 0 folders.
[2022.03.04-10.25.11:755][  0]LogLoad: (Engine Initialization) Total time: 14.37 seconds
[2022.03.04-10.25.11:755][  0]LogLoad: (Engine Initialization) Total Blueprint compile time: 0.00 seconds
[2022.03.04-10.25.11:832][  0]LogContentStreaming: Texture pool size now 1000 MB
[2022.03.04-10.25.11:871][  0]LogSlate: Took 0.011719 seconds to synchronously load lazily loaded font '../../../Engine/Content/Slate/Fonts/Roboto-Light.ttf' (167K)
[2022.03.04-10.25.11:896][  1]LogFileCache: Retrieving MD5 hashes for directory 'D:/Unreal_Engine_Project/Bigger_One_Myricae/Sweet Dream/Content/' took 0.12s
[2022.03.04-10.25.11:928][  1]LogAssetRegistry: Asset discovery search completed in 11.0607 seconds
[2022.03.04-10.25.11:937][  1]LogCollectionManager: Fixed up redirectors for 0 collections in 0.000005 seconds (updated 0 objects)
[2022.03.04-10.25.12:411][ 26]LogShaderCompilers: Display: Worker (3/9): shaders left to compile 763
[2022.03.04-10.25.12:575][ 35]LogShaderCompilers: Display: Worker (4/9): shaders left to compile 753
[2022.03.04-10.25.12:862][ 44]LogSlate: Took 0.000184 seconds to synchronously load lazily loaded font '../../../Engine/Content/Slate/Fonts/Roboto-Light.ttf' (167K)
[2022.03.04-10.25.13:033][ 46]LogShaderCompilers: Display: Worker (7/9): shaders left to compile 743
[2022.03.04-10.25.13:300][ 50]LogShaderCompilers: Display: Worker (8/9): shaders left to compile 733
[2022.03.04-10.25.13:408][ 53]LogShaderCompilers: Display: Worker (5/9): shaders left to compile 723
[2022.03.04-10.25.13:480][ 56]LogShaderCompilers: Display: Worker (6/9): shaders left to compile 713
[2022.03.04-10.25.14:040][ 80]LogShaderCompilers: Display: Worker (1/9): shaders left to compile 703
[2022.03.04-10.25.14:306][ 96]LogShaderCompilers: Display: Worker (2/9): shaders left to compile 693
[2022.03.04-10.25.16:064][195]LogShaderCompilers: Display: Worker (7/9): shaders left to compile 683
[2022.03.04-10.25.16:332][211]LogShaderCompilers: Display: Worker (4/9): shaders left to compile 673
[2022.03.04-10.25.16:683][232]LogShaderCompilers: Display: Worker (3/9): shaders left to compile 663
[2022.03.04-10.25.16:782][236]LogShaderCompilers: Display: Worker (8/9): shaders left to compile 653
[2022.03.04-10.25.16:848][240]LogShaderCompilers: Display: Worker (6/9): shaders left to compile 643
[2022.03.04-10.25.16:925][244]LogShaderCompilers: Display: Worker (5/9): shaders left to compile 633
[2022.03.04-10.25.17:142][255]LogShaderCompilers: Display: Worker (1/9): shaders left to compile 623
[2022.03.04-10.25.17:391][270]LogShaderCompilers: Display: Worker (2/9): shaders left to compile 613
[2022.03.04-10.25.18:709][348]LogShaderCompilers: Display: Worker (7/9): shaders left to compile 603
[2022.03.04-10.25.19:978][424]LogShaderCompilers: Display: Worker (4/9): shaders left to compile 593
[2022.03.04-10.25.20:080][430]LogShaderCompilers: Display: Worker (6/9): shaders left to compile 583
[2022.03.04-10.25.20:110][432]LogShaderCompilers: Display: Worker (5/9): shaders left to compile 573
[2022.03.04-10.25.20:145][434]LogShaderCompilers: Display: Worker (3/9): shaders left to compile 563
[2022.03.04-10.25.20:513][455]LogShaderCompilers: Display: Worker (8/9): shaders left to compile 553
[2022.03.04-10.25.20:825][473]LogShaderCompilers: Display: Worker (2/9): shaders left to compile 543
[2022.03.04-10.25.20:844][474]LogShaderCompilers: Display: Worker (1/9): shaders left to compile 533
[2022.03.04-10.25.21:493][509]LogShaderCompilers: Display: Worker (7/9): shaders left to compile 523
[2022.03.04-10.25.23:425][622]LogShaderCompilers: Display: Worker (8/9): shaders left to compile 513
[2022.03.04-10.25.23:541][629]LogShaderCompilers: Display: Worker (6/9): shaders left to compile 503
[2022.03.04-10.25.23:964][654]LogShaderCompilers: Display: Worker (3/9): shaders left to compile 493
[2022.03.04-10.25.24:285][673]LogShaderCompilers: Display: Worker (2/9): shaders left to compile 483
[2022.03.04-10.25.24:402][680]LogShaderCompilers: Display: Worker (7/9): shaders left to compile 473
[2022.03.04-10.25.24:554][689]LogShaderCompilers: Display: Worker (5/9): shaders left to compile 463
[2022.03.04-10.25.24:586][691]LogShaderCompilers: Display: Worker (1/9): shaders left to compile 453
[2022.03.04-10.25.25:027][717]LogShaderCompilers: Display: Worker (4/9): shaders left to compile 443
[2022.03.04-10.25.26:825][807]LogShaderCompilers: Display: Worker (8/9): shaders left to compile 433
[2022.03.04-10.25.27:009][818]LogShaderCompilers: Display: Worker (6/9): shaders left to compile 423
[2022.03.04-10.25.27:276][834]LogShaderCompilers: Display: Worker (1/9): shaders left to compile 413
[2022.03.04-10.25.27:849][863]LogShaderCompilers: Display: Worker (3/9): shaders left to compile 403
[2022.03.04-10.25.28:118][879]LogShaderCompilers: Display: Worker (2/9): shaders left to compile 393
[2022.03.04-10.25.28:668][912]LogShaderCompilers: Display: Worker (7/9): shaders left to compile 383
[2022.03.04-10.25.28:761][917]LogShaderCompilers: Display: Worker (5/9): shaders left to compile 373
[2022.03.04-10.25.28:812][918]LogShaderCompilers: Display: Worker (4/9): shaders left to compile 363
[2022.03.04-10.25.29:736][973]LogShaderCompilers: Display: Worker (6/9): shaders left to compile 353
[2022.03.04-10.25.30:783][ 36]LogShaderCompilers: Display: Worker (8/9): shaders left to compile 343
[2022.03.04-10.25.31:068][ 53]LogShaderCompilers: Display: Worker (1/9): shaders left to compile 333
[2022.03.04-10.25.31:369][ 71]LogShaderCompilers: Display: Worker (2/9): shaders left to compile 323
[2022.03.04-10.25.31:635][ 87]LogShaderCompilers: Display: Worker (3/9): shaders left to compile 313
[2022.03.04-10.25.32:530][140]LogShaderCompilers: Display: Worker (5/9): shaders left to compile 303
[2022.03.04-10.25.33:216][181]LogShaderCompilers: Display: Worker (7/9): shaders left to compile 293
[2022.03.04-10.25.33:343][188]LogShaderCompilers: Display: Worker (4/9): shaders left to compile 283
[2022.03.04-10.25.34:221][238]LogShaderCompilers: Display: Worker (6/9): shaders left to compile 273
[2022.03.04-10.25.34:390][248]LogShaderCompilers: Display: Worker (8/9): shaders left to compile 263
[2022.03.04-10.25.36:091][350]LogShaderCompilers: Display: Worker (2/9): shaders left to compile 253
[2022.03.04-10.25.36:337][364]LogShaderCompilers: Display: Worker (3/9): shaders left to compile 243
[2022.03.04-10.25.36:368][366]LogShaderCompilers: Display: Worker (5/9): shaders left to compile 233
[2022.03.04-10.25.36:553][377]LogShaderCompilers: Display: Worker (1/9): shaders left to compile 223
[2022.03.04-10.25.38:020][464]LogShaderCompilers: Display: Worker (4/9): shaders left to compile 213
[2022.03.04-10.25.38:055][466]LogShaderCompilers: Display: Worker (7/9): shaders left to compile 203
[2022.03.04-10.25.38:754][508]LogShaderCompilers: Display: Worker (8/9): shaders left to compile 193
[2022.03.04-10.25.39:740][567]LogShaderCompilers: Display: Worker (6/9): shaders left to compile 183
[2022.03.04-10.25.40:653][621]LogShaderCompilers: Display: Worker (5/9): shaders left to compile 173
[2022.03.04-10.25.40:720][625]LogShaderCompilers: Display: Worker (1/9): shaders left to compile 163
[2022.03.04-10.25.42:134][703]LogShaderCompilers: Display: Worker (2/9): shaders left to compile 153
[2022.03.04-10.25.42:418][720]LogShaderCompilers: Display: Worker (3/9): shaders left to compile 143
[2022.03.04-10.25.43:365][771]LogShaderCompilers: Display: Worker (7/9): shaders left to compile 133
[2022.03.04-10.25.44:548][842]LogShaderCompilers: Display: Worker (4/9): shaders left to compile 123
[2022.03.04-10.25.44:709][851]LogShaderCompilers: Display: Worker (8/9): shaders left to compile 113
[2022.03.04-10.25.45:764][910]LogShaderCompilers: Display: Worker (6/9): shaders left to compile 103
[2022.03.04-10.25.45:848][915]LogShaderCompilers: Display: Worker (5/9): shaders left to compile 93
[2022.03.04-10.25.46:995][978]LogShaderCompilers: Display: Worker (2/9): shaders left to compile 83
[2022.03.04-10.25.47:317][996]LogShaderCompilers: Display: Worker (1/9): shaders left to compile 73
[2022.03.04-10.25.48:580][ 68]LogShaderCompilers: Display: Worker (3/9): shaders left to compile 63
[2022.03.04-10.25.48:839][ 83]LogShaderCompilers: Display: Worker (7/9): shaders left to compile 55
[2022.03.04-10.25.50:206][161]LogShaderCompilers: Display: Worker (4/9): shaders left to compile 48
[2022.03.04-10.25.50:705][190]LogShaderCompilers: Display: Worker (6/9): shaders left to compile 41
[2022.03.04-10.25.50:849][198]LogShaderCompilers: Display: Worker (8/9): shaders left to compile 35
[2022.03.04-10.25.51:906][257]LogShaderCompilers: Display: Worker (7/9): shaders left to compile 30
[2022.03.04-10.25.52:072][264]LogShaderCompilers: Display: Worker (1/9): shaders left to compile 26
[2022.03.04-10.25.52:267][274]LogShaderCompilers: Display: Worker (3/9): shaders left to compile 22
[2022.03.04-10.25.52:562][292]LogShaderCompilers: Display: Worker (2/9): shaders left to compile 19
[2022.03.04-10.25.52:844][309]LogShaderCompilers: Display: Worker (5/9): shaders left to compile 16
[2022.03.04-10.25.53:691][357]LogShaderCompilers: Display: Worker (8/9): shaders left to compile 13
[2022.03.04-10.25.53:856][367]LogShaderCompilers: Display: Worker (1/9): shaders left to compile 11
[2022.03.04-10.25.53:989][375]LogShaderCompilers: Display: Worker (7/9): shaders left to compile 9
[2022.03.04-10.25.54:339][396]LogShaderCompilers: Display: Worker (3/9): shaders left to compile 7
[2022.03.04-10.25.54:555][409]LogShaderCompilers: Display: Worker (2/9): shaders left to compile 6
[2022.03.04-10.25.54:597][411]LogShaderCompilers: Display: Worker (4/9): shaders left to compile 5
[2022.03.04-10.25.54:730][411]LogShaderCompilers: Display: Worker (5/9): shaders left to compile 4
[2022.03.04-10.25.54:766][411]LogShaderCompilers: Display: Worker (6/9): shaders left to compile 3
[2022.03.04-10.25.54:818][411]LogShaderCompilers: Display: Worker (4/9): shaders left to compile 2
[2022.03.04-10.25.54:853][411]LogShaderCompilers: Display: Worker (3/9): shaders left to compile 1
[2022.03.04-10.25.56:012][411]LogSlate: Window 'New Level' being destroyed
[2022.03.04-10.25.56:018][411]Cmd: MAP LOAD FILE="../../../Engine/Content/Maps/Templates/Template_Default.umap" TEMPLATE=1 SHOWPROGRESS=1 FEATURELEVEL=3
[2022.03.04-10.25.56:050][411]LightingResults: New page: Lighting Build
[2022.03.04-10.25.56:050][411]LoadErrors: New page: Loading map: Template_Default.umap
[2022.03.04-10.25.56:052][411]LogWorld: UWorld::CleanupWorld for Gym_Map, bSessionEnded=true, bCleanupResources=true
[2022.03.04-10.25.56:053][411]LogSlate: InvalidateAllWidgets triggered.  All widgets were invalidated
[2022.03.04-10.25.56:053][411]MapCheck: New page: Map Check
[2022.03.04-10.25.56:053][411]LightingResults: New page: Lighting Build
[2022.03.04-10.25.56:066][411]LogAISub: UAISubsystem::~UAISubsystem EnvQueryManager (000001B79D535000), frame # 2411
[2022.03.04-10.25.56:066][411]LogAISub: UAISubsystem::~UAISubsystem AIPerceptionSystem (000001B79D4F1300), frame # 2411
[2022.03.04-10.25.56:067][411]LogUObjectHash: Compacting FUObjectHashTables data took   0.83ms
[2022.03.04-10.25.56:075][411]LogAIModule: Creating AISystem for world Untitled_1
[2022.03.04-10.25.56:075][411]LogAISub: UAISubsystem::UAISubsystem EnvQueryManager (000001B795FE1600), frame # 2411
[2022.03.04-10.25.56:075][411]LogAISub: UAISubsystem::UAISubsystem AIPerceptionSystem (000001B795FCBD80), frame # 2411
[2022.03.04-10.25.56:110][411]LogEditorServer: Finished looking for orphan Actors (0.000 secs)
[2022.03.04-10.25.56:123][411]LogUObjectHash: Compacting FUObjectHashTables data took   0.73ms
[2022.03.04-10.25.56:159][411]Cmd: MAP CHECKDEP NOCLEARLOG
[2022.03.04-10.25.56:159][411]MapCheck: Map check complete: 0 Error(s), 0 Warning(s), took 0.07ms to complete.
[2022.03.04-10.25.56:159][411]LogFileHelpers: Loading map 'Template_Default' took 0.142
[2022.03.04-10.26.06:159][568]LogSlate: Window 'Save Level As' being destroyed
[2022.03.04-10.26.06:195][568]Cmd: OBJ SAVEPACKAGE PACKAGE="/Game/Maps/Camera_Alice" FILE="D:/Unreal_Engine_Project/Bigger_One_Myricae/Sweet Dream/Content/Maps/Camera_Alice.umap" SILENT=true AUTOSAVING=false KEEPDIRTY=false
[2022.03.04-10.26.06:207][568]LogUObjectHash: Compacting FUObjectHashTables data took   0.27ms
[2022.03.04-10.26.06:222][568]LogSavePackage: Moving 'D:/Unreal_Engine_Project/Bigger_One_Myricae/Sweet Dream/Saved/Camera_AliceFA7ADDD14D3430D8A75580B44C086D53.tmp' to 'D:/Unreal_Engine_Project/Bigger_One_Myricae/Sweet Dream/Content/Maps/Camera_Alice.umap'
[2022.03.04-10.26.06:285][568]Cmd: OBJ SAVEPACKAGE PACKAGE="/Game/Maps/Camera_Alice_BuiltData" FILE="D:/Unreal_Engine_Project/Bigger_One_Myricae/Sweet Dream/Content/Maps/Camera_Alice_BuiltData.uasset" SILENT=true
[2022.03.04-10.26.06:294][568]LogSavePackage: Moving 'D:/Unreal_Engine_Project/Bigger_One_Myricae/Sweet Dream/Saved/Camera_Alice_BuiltData8AEE00324748396C8359FBA81437CDC8.tmp' to 'D:/Unreal_Engine_Project/Bigger_One_Myricae/Sweet Dream/Content/Maps/Camera_Alice_BuiltData.uasset'
[2022.03.04-10.26.06:333][568]LogFileHelpers: Saving map 'Camera_Alice' took 0.165
[2022.03.04-10.26.06:337][568]AssetCheck: New page: Asset Save: multiple assets
[2022.03.04-10.26.06:337][568]LogContentValidation: Display: Validating World /Game/Maps/Camera_Alice.Camera_Alice
[2022.03.04-10.26.06:337][568]LogContentValidation: Display: Validating MapBuildDataRegistry /Game/Maps/Camera_Alice_BuiltData.Camera_Alice_BuiltData
[2022.03.04-10.26.24:765][628]Cmd: OBJ SAVEPACKAGE PACKAGE="/Game/Maps/Camera_Alice" FILE="D:/Unreal_Engine_Project/Bigger_One_Myricae/Sweet Dream/Content/Maps/Camera_Alice.umap" SILENT=true AUTOSAVING=false KEEPDIRTY=false
[2022.03.04-10.26.24:813][628]LogUObjectHash: Compacting FUObjectHashTables data took   0.65ms
[2022.03.04-10.26.24:824][628]LogSavePackage: Moving 'D:/Unreal_Engine_Project/Bigger_One_Myricae/Sweet Dream/Saved/Camera_AliceA5BBBCD4479CFB74275B25A6BE79D400.tmp' to 'D:/Unreal_Engine_Project/Bigger_One_Myricae/Sweet Dream/Content/Maps/Camera_Alice.umap'
[2022.03.04-10.26.24:838][628]Cmd: OBJ SAVEPACKAGE PACKAGE="/Game/Maps/Camera_Alice_BuiltData" FILE="D:/Unreal_Engine_Project/Bigger_One_Myricae/Sweet Dream/Content/Maps/Camera_Alice_BuiltData.uasset" SILENT=true
[2022.03.04-10.26.24:887][628]LogSavePackage: Moving 'D:/Unreal_Engine_Project/Bigger_One_Myricae/Sweet Dream/Saved/Camera_Alice_BuiltDataE6EFAE124E675B65575F12A4978A99E1.tmp' to 'D:/Unreal_Engine_Project/Bigger_One_Myricae/Sweet Dream/Content/Maps/Camera_Alice_BuiltData.uasset'
[2022.03.04-10.26.24:902][628]AssetCheck: New page: Asset Save: multiple assets
[2022.03.04-10.26.24:902][628]LogContentValidation: Display: Validating World /Game/Maps/Camera_Alice.Camera_Alice
[2022.03.04-10.26.24:902][628]LogContentValidation: Display: Validating MapBuildDataRegistry /Game/Maps/Camera_Alice_BuiltData.Camera_Alice_BuiltData
[2022.03.04-10.26.32:354][787]LogUObjectHash: Compacting FUObjectHashTables data took   0.28ms
[2022.03.04-10.26.32:389][787]LogSlate: Window 'Sweet Dream - Unreal Editor' being destroyed
[2022.03.04-10.26.32:477][788]Cmd: QUIT_EDITOR
[2022.03.04-10.26.32:477][788]LogCore: Engine exit requested (reason: UUnrealEdEngine::CloseEditor())
[2022.03.04-10.26.32:484][788]LogCore: Engine exit requested (reason: EngineExit() was called; note: exit was already requested)
[2022.03.04-10.26.32:524][788]LogWindowsTextInputMethodSystem: Display: IME system now deactivated.
[2022.03.04-10.26.32:531][788]LogExit: Preparing to exit.
[2022.03.04-10.26.33:100][788]LogDemo: Cleaned up 0 splitscreen connections with owner deletion
[2022.03.04-10.26.33:105][788]LogWorld: UWorld::CleanupWorld for None, bSessionEnded=true, bCleanupResources=true
[2022.03.04-10.26.33:105][788]LogExit: Editor shut down
[2022.03.04-10.26.33:105][788]LogExit: Transaction tracking system shut down
[2022.03.04-10.26.33:304][788]LogAISub: UAISubsystem::~UAISubsystem AISubsystem (000001B7FD0FDBC0), frame # 3788
[2022.03.04-10.26.33:304][788]LogAISub: UAISubsystem::~UAISubsystem AIPerceptionSystem (000001B7FD02FC40), frame # 3788
[2022.03.04-10.26.33:304][788]LogAISub: UAISubsystem::~UAISubsystem EnvQueryManager (000001B7FD09DE00), frame # 3788
[2022.03.04-10.26.33:311][788]LogAISub: UAISubsystem::~UAISubsystem AIPerceptionSystem (000001B795FCBD80), frame # 3788
[2022.03.04-10.26.33:311][788]LogAISub: UAISubsystem::~UAISubsystem EnvQueryManager (000001B795FE1600), frame # 3788
[2022.03.04-10.26.33:328][788]LogExit: Object subsystem successfully closed.
[2022.03.04-10.26.33:352][788]LogShaderCompilers: Display: Shaders left to compile 0
[2022.03.04-10.26.33:374][788]LogModuleManager: Shutting down and abandoning module HierarchicalLODUtilities (794)
[2022.03.04-10.26.33:374][788]LogModuleManager: Shutting down and abandoning module NewLevelDialog (792)
[2022.03.04-10.26.33:374][788]LogModuleManager: Shutting down and abandoning module HierarchicalLODOutliner (790)
[2022.03.04-10.26.33:374][788]LogModuleManager: Shutting down and abandoning module SceneOutliner (788)
[2022.03.04-10.26.33:374][788]LogModuleManager: Shutting down and abandoning module AddContentDialog (786)
[2022.03.04-10.26.33:384][788]LogModuleManager: Shutting down and abandoning module WidgetCarousel (785)
[2022.03.04-10.26.33:384][788]LogModuleManager: Shutting down and abandoning module EditorWidgets (782)
[2022.03.04-10.26.33:384][788]LogModuleManager: Shutting down and abandoning module CollectionManager (780)
[2022.03.04-10.26.33:384][788]LogModuleManager: Shutting down and abandoning module StatsViewer (778)
[2022.03.04-10.26.33:384][788]LogModuleManager: Shutting down and abandoning module VirtualTexturingEditor (776)
[2022.03.04-10.26.33:384][788]LogModuleManager: Shutting down and abandoning module FoliageEdit (774)
[2022.03.04-10.26.33:384][788]LogModuleManager: Shutting down and abandoning module LandscapeEditor (772)
[2022.03.04-10.26.33:384][788]LogModuleManager: Shutting down and abandoning module MeshPaintMode (770)
[2022.03.04-10.26.33:384][788]LogModuleManager: Shutting down and abandoning module SceneDepthPickerMode (768)
[2022.03.04-10.26.33:384][788]LogModuleManager: Shutting down and abandoning module ActorPickerMode (766)
[2022.03.04-10.26.33:384][788]LogModuleManager: Shutting down and abandoning module PIEPreviewDeviceProfileSelector (764)
[2022.03.04-10.26.33:384][788]LogModuleManager: Shutting down and abandoning module SequenceRecorderSections (762)
[2022.03.04-10.26.33:384][788]LogModuleManager: Shutting down and abandoning module AutomationWorker (760)
[2022.03.04-10.26.33:384][788]LogModuleManager: Shutting down and abandoning module SteamVREditor (758)
[2022.03.04-10.26.33:384][788]LogModuleManager: Shutting down and abandoning module OculusMR (756)
[2022.03.04-10.26.33:384][788]LogModuleManager: Shutting down and abandoning module GooglePADEditor (754)
[2022.03.04-10.26.33:384][788]LogModuleManager: Shutting down and abandoning module AudioCaptureEditor (752)
[2022.03.04-10.26.33:384][788]LogModuleManager: Shutting down and abandoning module TemplateSequenceEditor (750)
[2022.03.04-10.26.33:384][788]LogModuleManager: Shutting down and abandoning module MatineeToLevelSequence (748)
[2022.03.04-10.26.33:384][788]LogModuleManager: Shutting down and abandoning module LevelSequenceEditor (746)
[2022.03.04-10.26.33:384][788]LogModuleManager: Shutting down and abandoning module ActorSequenceEditor (744)
[2022.03.04-10.26.33:384][788]LogModuleManager: Shutting down and abandoning module WmfMediaFactory (742)
[2022.03.04-10.26.33:384][788]LogModuleManager: Shutting down and abandoning module WmfMediaEditor (740)
[2022.03.04-10.26.33:384][788]LogModuleManager: Shutting down and abandoning module WebMMediaFactory (738)
[2022.03.04-10.26.33:384][788]LogModuleManager: Shutting down and abandoning module WebMMediaEditor (736)
[2022.03.04-10.26.33:384][788]LogModuleManager: Shutting down and abandoning module WebMMedia (734)
[2022.03.04-10.26.33:384][788]LogModuleManager: Shutting down and abandoning module MediaPlayerEditor (732)
[2022.03.04-10.26.33:384][788]LogModuleManager: Shutting down and abandoning module MediaCompositingEditor (730)
[2022.03.04-10.26.33:384][788]LogModuleManager: Shutting down and abandoning module SequenceRecorder (729)
[2022.03.04-10.26.33:384][788]LogModuleManager: Shutting down and abandoning module OpenExrWrapper (726)
[2022.03.04-10.26.33:384][788]LogModuleManager: Shutting down and abandoning module ImgMediaFactory (724)
[2022.03.04-10.26.33:384][788]LogModuleManager: Shutting down and abandoning module ImgMediaEditor (722)
[2022.03.04-10.26.33:384][788]LogModuleManager: Shutting down and abandoning module AvfMediaFactory (720)
[2022.03.04-10.26.33:384][788]LogModuleManager: Shutting down and abandoning module AvfMediaEditor (718)
[2022.03.04-10.26.33:384][788]LogModuleManager: Shutting down and abandoning module AndroidMediaFactory (716)
[2022.03.04-10.26.33:384][788]LogModuleManager: Shutting down and abandoning module AndroidMediaEditor (714)
[2022.03.04-10.26.33:384][788]LogModuleManager: Shutting down and abandoning module MagicLeapMediaCodecFactory (712)
[2022.03.04-10.26.33:384][788]LogModuleManager: Shutting down and abandoning module MagicLeapMediaFactory (710)
[2022.03.04-10.26.33:384][788]LogModuleManager: Shutting down and abandoning module MagicLeapMediaEditor (708)
[2022.03.04-10.26.33:384][788]LogModuleManager: Shutting down and abandoning module PlanarCut (706)
[2022.03.04-10.26.33:385][788]LogModuleManager: Shutting down and abandoning module CharacterAI (704)
[2022.03.04-10.26.33:385][788]LogModuleManager: Shutting down and abandoning module TextureAlignMode (702)
[2022.03.04-10.26.33:385][788]LogModuleManager: Shutting down and abandoning module BspMode (700)
[2022.03.04-10.26.33:385][788]LogModuleManager: Shutting down and abandoning module PlacementMode (699)
[2022.03.04-10.26.33:385][788]LogModuleManager: Shutting down and abandoning module GeometryMode (696)
[2022.03.04-10.26.33:385][788]LogModuleManager: Shutting down and abandoning module CameraShakePreviewer (694)
[2022.03.04-10.26.33:385][788]LogModuleManager: Shutting down and abandoning module SmartSnapping (692)
[2022.03.04-10.26.33:385][788]LogModuleManager: Shutting down and abandoning module SessionServices (690)
[2022.03.04-10.26.33:385][788]LogModuleManager: Shutting down and abandoning module MeshPaint (688)
[2022.03.04-10.26.33:385][788]LogModuleManager: Shutting down and abandoning module ViewportSnapping (686)
[2022.03.04-10.26.33:385][788]LogModuleManager: Shutting down and abandoning module ViewportInteraction (684)
[2022.03.04-10.26.33:385][788]LogModuleManager: Shutting down and abandoning module ClothPainter (682)
[2022.03.04-10.26.33:385][788]LogModuleManager: Shutting down and abandoning module SkeletalMeshEditor (681)
[2022.03.04-10.26.33:385][788]LogModuleManager: Shutting down and abandoning module LogVisualizer (678)
[2022.03.04-10.26.33:385][788]LogModuleManager: Shutting down and abandoning module IntroTutorials (676)
[2022.03.04-10.26.33:385][788]LogModuleManager: Shutting down and abandoning module GameProjectGeneration (675)
[2022.03.04-10.26.33:385][788]LogModuleManager: Shutting down and abandoning module LuminPlatformEditor (672)
[2022.03.04-10.26.33:385][788]LogModuleManager: Shutting down and abandoning module IOSPlatformEditor (670)
[2022.03.04-10.26.33:385][788]LogModuleManager: Shutting down and abandoning module AndroidPlatformEditor (668)
[2022.03.04-10.26.33:385][788]LogModuleManager: Shutting down and abandoning module AndroidDeviceDetection (667)
[2022.03.04-10.26.34:938][788]LogModuleManager: Shutting down and abandoning module WindowsPlatformEditor (664)
[2022.03.04-10.26.34:938][788]LogModuleManager: Shutting down and abandoning module LuminRuntimeSettings (662)
[2022.03.04-10.26.34:938][788]LogModuleManager: Shutting down and abandoning module IOSRuntimeSettings (660)
[2022.03.04-10.26.34:938][788]LogModuleManager: Shutting down and abandoning module AndroidRuntimeSettings (658)
[2022.03.04-10.26.34:938][788]LogModuleManager: Shutting down and abandoning module TraceInsights (656)
[2022.03.04-10.26.34:938][788]LogModuleManager: Shutting down and abandoning module TraceServices (655)
[2022.03.04-10.26.34:938][788]LogModuleManager: Shutting down and abandoning module EditorInteractiveToolsFramework (652)
[2022.03.04-10.26.34:938][788]LogModuleManager: Shutting down and abandoning module TimeManagementEditor (650)
[2022.03.04-10.26.34:938][788]LogModuleManager: Shutting down and abandoning module InputBindingEditor (648)
[2022.03.04-10.26.34:938][788]LogModuleManager: Shutting down and abandoning module MergeActors (646)
[2022.03.04-10.26.34:938][788]LogModuleManager: Shutting down and abandoning module LocalizationDashboard (644)
[2022.03.04-10.26.34:938][788]LogModuleManager: Shutting down and abandoning module LocalizationService (643)
[2022.03.04-10.26.34:938][788]LogModuleManager: Shutting down and abandoning module HardwareTargeting (640)
[2022.03.04-10.26.34:938][788]LogModuleManager: Shutting down and abandoning module DeviceProfileEditor (638)
[2022.03.04-10.26.34:938][788]LogModuleManager: Shutting down and abandoning module UndoHistory (636)
[2022.03.04-10.26.34:938][788]LogModuleManager: Shutting down and abandoning module XmlParser (634)
[2022.03.04-10.26.34:938][788]LogModuleManager: Shutting down and abandoning module Blutility (632)
[2022.03.04-10.26.34:938][788]LogModuleManager: Shutting down and abandoning module ProjectSettingsViewer (630)
[2022.03.04-10.26.34:938][788]LogModuleManager: Shutting down and abandoning module ProjectTargetPlatformEditor (629)
[2022.03.04-10.26.34:938][788]LogModuleManager: Shutting down and abandoning module EditorSettingsViewer (626)
[2022.03.04-10.26.34:938][788]LogModuleManager: Shutting down and abandoning module SettingsEditor (624)
[2022.03.04-10.26.34:938][788]LogModuleManager: Shutting down and abandoning module ProjectLauncher (622)
[2022.03.04-10.26.34:938][788]LogModuleManager: Shutting down and abandoning module SessionFrontend (620)
[2022.03.04-10.26.34:938][788]LogModuleManager: Shutting down and abandoning module ProfilerClient (618)
[2022.03.04-10.26.34:938][788]LogModuleManager: Shutting down and abandoning module DeviceManager (616)
[2022.03.04-10.26.34:938][788]LogModuleManager: Shutting down and abandoning module TargetDeviceServices (615)
[2022.03.04-10.26.34:971][788]LogModuleManager: Shutting down and abandoning module AutomationController (612)
[2022.03.04-10.26.34:971][788]LogModuleManager: Shutting down and abandoning module AutomationWindow (610)
[2022.03.04-10.26.34:971][788]LogModuleManager: Shutting down and abandoning module Layers (608)
[2022.03.04-10.26.34:971][788]LogModuleManager: Shutting down and abandoning module ComponentVisualizers (606)
[2022.03.04-10.26.34:971][788]LogModuleManager: Shutting down and abandoning module DetailCustomizations (604)
[2022.03.04-10.26.34:971][788]LogModuleManager: Shutting down and abandoning module PackagesDialog (602)
[2022.03.04-10.26.34:971][788]LogModuleManager: Shutting down and abandoning module AnimationBlueprintEditor (600)
[2022.03.04-10.26.34:971][788]LogModuleManager: Shutting down and abandoning module Persona (598)
[2022.03.04-10.26.34:971][788]LogModuleManager: Shutting down and abandoning module AdvancedPreviewScene (597)
[2022.03.04-10.26.34:971][788]LogModuleManager: Shutting down and abandoning module AnimGraph (595)
[2022.03.04-10.26.34:971][788]LogModuleManager: Shutting down and abandoning module Kismet (592)
[2022.03.04-10.26.34:972][788]LogModuleManager: Shutting down and abandoning mo